{"C:\\Users\\iyke\\projects\\Andela II\\Events\\server\\test\\test.js":{"path":"C:\\Users\\iyke\\projects\\Andela II\\Events\\server\\test\\test.js","statementMap":{"0":{"start":{"line":6,"column":16},"end":{"line":6,"column":30}},"1":{"start":{"line":7,"column":16},"end":{"line":7,"column":25}},"2":{"start":{"line":8,"column":17},"end":{"line":8,"column":35}},"3":{"start":{"line":9,"column":17},"end":{"line":9,"column":37}},"4":{"start":{"line":10,"column":17},"end":{"line":10,"column":36}},"5":{"start":{"line":12,"column":11},"end":{"line":12,"column":13}},"6":{"start":{"line":13,"column":17},"end":{"line":13,"column":19}},"7":{"start":{"line":14,"column":17},"end":{"line":14,"column":19}},"8":{"start":{"line":15,"column":14},"end":{"line":15,"column":16}},"9":{"start":{"line":17,"column":0},"end":{"line":769,"column":3}},"10":{"start":{"line":18,"column":2},"end":{"line":168,"column":5}},"11":{"start":{"line":19,"column":22},"end":{"line":19,"column":42}},"12":{"start":{"line":20,"column":4},"end":{"line":26,"column":7}},"13":{"start":{"line":21,"column":6},"end":{"line":25,"column":8}},"14":{"start":{"line":28,"column":4},"end":{"line":37,"column":7}},"15":{"start":{"line":29,"column":6},"end":{"line":36,"column":11}},"16":{"start":{"line":32,"column":10},"end":{"line":32,"column":43}},"17":{"start":{"line":33,"column":10},"end":{"line":33,"column":54}},"18":{"start":{"line":34,"column":10},"end":{"line":34,"column":63}},"19":{"start":{"line":35,"column":10},"end":{"line":35,"column":17}},"20":{"start":{"line":39,"column":4},"end":{"line":52,"column":7}},"21":{"start":{"line":40,"column":6},"end":{"line":51,"column":11}},"22":{"start":{"line":47,"column":10},"end":{"line":47,"column":43}},"23":{"start":{"line":48,"column":10},"end":{"line":48,"column":54}},"24":{"start":{"line":49,"column":10},"end":{"line":49,"column":63}},"25":{"start":{"line":50,"column":10},"end":{"line":50,"column":17}},"26":{"start":{"line":54,"column":4},"end":{"line":65,"column":7}},"27":{"start":{"line":55,"column":26},"end":{"line":55,"column":49}},"28":{"start":{"line":56,"column":6},"end":{"line":56,"column":38}},"29":{"start":{"line":57,"column":6},"end":{"line":57,"column":48}},"30":{"start":{"line":58,"column":6},"end":{"line":64,"column":11}},"31":{"start":{"line":61,"column":10},"end":{"line":61,"column":43}},"32":{"start":{"line":62,"column":10},"end":{"line":62,"column":97}},"33":{"start":{"line":63,"column":10},"end":{"line":63,"column":17}},"34":{"start":{"line":67,"column":4},"end":{"line":78,"column":7}},"35":{"start":{"line":68,"column":26},"end":{"line":68,"column":49}},"36":{"start":{"line":69,"column":6},"end":{"line":69,"column":46}},"37":{"start":{"line":70,"column":6},"end":{"line":70,"column":39}},"38":{"start":{"line":71,"column":6},"end":{"line":77,"column":11}},"39":{"start":{"line":74,"column":10},"end":{"line":74,"column":43}},"40":{"start":{"line":75,"column":10},"end":{"line":75,"column":89}},"41":{"start":{"line":76,"column":10},"end":{"line":76,"column":17}},"42":{"start":{"line":80,"column":4},"end":{"line":90,"column":7}},"43":{"start":{"line":81,"column":26},"end":{"line":81,"column":49}},"44":{"start":{"line":82,"column":6},"end":{"line":82,"column":35}},"45":{"start":{"line":83,"column":6},"end":{"line":89,"column":11}},"46":{"start":{"line":86,"column":10},"end":{"line":86,"column":43}},"47":{"start":{"line":87,"column":10},"end":{"line":87,"column":86}},"48":{"start":{"line":88,"column":10},"end":{"line":88,"column":17}},"49":{"start":{"line":92,"column":4},"end":{"line":102,"column":7}},"50":{"start":{"line":93,"column":26},"end":{"line":93,"column":49}},"51":{"start":{"line":94,"column":6},"end":{"line":94,"column":39}},"52":{"start":{"line":95,"column":6},"end":{"line":101,"column":11}},"53":{"start":{"line":98,"column":10},"end":{"line":98,"column":43}},"54":{"start":{"line":99,"column":10},"end":{"line":99,"column":97}},"55":{"start":{"line":100,"column":10},"end":{"line":100,"column":17}},"56":{"start":{"line":104,"column":4},"end":{"line":115,"column":7}},"57":{"start":{"line":105,"column":26},"end":{"line":105,"column":49}},"58":{"start":{"line":106,"column":6},"end":{"line":106,"column":38}},"59":{"start":{"line":107,"column":6},"end":{"line":107,"column":34}},"60":{"start":{"line":108,"column":6},"end":{"line":114,"column":11}},"61":{"start":{"line":111,"column":10},"end":{"line":111,"column":43}},"62":{"start":{"line":112,"column":10},"end":{"line":112,"column":82}},"63":{"start":{"line":113,"column":10},"end":{"line":113,"column":17}},"64":{"start":{"line":117,"column":4},"end":{"line":128,"column":7}},"65":{"start":{"line":118,"column":26},"end":{"line":118,"column":49}},"66":{"start":{"line":119,"column":6},"end":{"line":119,"column":31}},"67":{"start":{"line":121,"column":6},"end":{"line":127,"column":11}},"68":{"start":{"line":124,"column":10},"end":{"line":124,"column":43}},"69":{"start":{"line":125,"column":10},"end":{"line":125,"column":73}},"70":{"start":{"line":126,"column":10},"end":{"line":126,"column":17}},"71":{"start":{"line":130,"column":4},"end":{"line":141,"column":7}},"72":{"start":{"line":131,"column":26},"end":{"line":131,"column":49}},"73":{"start":{"line":132,"column":6},"end":{"line":132,"column":34}},"74":{"start":{"line":134,"column":6},"end":{"line":140,"column":11}},"75":{"start":{"line":137,"column":10},"end":{"line":137,"column":43}},"76":{"start":{"line":138,"column":10},"end":{"line":138,"column":76}},"77":{"start":{"line":139,"column":10},"end":{"line":139,"column":17}},"78":{"start":{"line":143,"column":4},"end":{"line":154,"column":7}},"79":{"start":{"line":144,"column":26},"end":{"line":144,"column":49}},"80":{"start":{"line":145,"column":6},"end":{"line":145,"column":34}},"81":{"start":{"line":147,"column":6},"end":{"line":153,"column":11}},"82":{"start":{"line":150,"column":10},"end":{"line":150,"column":43}},"83":{"start":{"line":151,"column":10},"end":{"line":151,"column":68}},"84":{"start":{"line":152,"column":10},"end":{"line":152,"column":17}},"85":{"start":{"line":156,"column":4},"end":{"line":167,"column":7}},"86":{"start":{"line":157,"column":26},"end":{"line":157,"column":49}},"87":{"start":{"line":158,"column":6},"end":{"line":158,"column":36}},"88":{"start":{"line":160,"column":6},"end":{"line":166,"column":11}},"89":{"start":{"line":163,"column":10},"end":{"line":163,"column":43}},"90":{"start":{"line":164,"column":10},"end":{"line":164,"column":90}},"91":{"start":{"line":165,"column":10},"end":{"line":165,"column":17}},"92":{"start":{"line":170,"column":2},"end":{"line":264,"column":5}},"93":{"start":{"line":171,"column":21},"end":{"line":171,"column":46}},"94":{"start":{"line":173,"column":4},"end":{"line":178,"column":7}},"95":{"start":{"line":174,"column":6},"end":{"line":177,"column":8}},"96":{"start":{"line":180,"column":4},"end":{"line":193,"column":7}},"97":{"start":{"line":181,"column":6},"end":{"line":192,"column":11}},"98":{"start":{"line":184,"column":10},"end":{"line":184,"column":38}},"99":{"start":{"line":185,"column":26},"end":{"line":185,"column":48}},"100":{"start":{"line":186,"column":10},"end":{"line":186,"column":43}},"101":{"start":{"line":187,"column":10},"end":{"line":187,"column":79}},"102":{"start":{"line":188,"column":10},"end":{"line":188,"column":54}},"103":{"start":{"line":189,"column":10},"end":{"line":189,"column":59}},"104":{"start":{"line":190,"column":10},"end":{"line":190,"column":47}},"105":{"start":{"line":191,"column":10},"end":{"line":191,"column":17}},"106":{"start":{"line":194,"column":4},"end":{"line":210,"column":7}},"107":{"start":{"line":195,"column":6},"end":{"line":209,"column":11}},"108":{"start":{"line":201,"column":10},"end":{"line":201,"column":38}},"109":{"start":{"line":202,"column":26},"end":{"line":202,"column":48}},"110":{"start":{"line":203,"column":10},"end":{"line":203,"column":43}},"111":{"start":{"line":204,"column":10},"end":{"line":204,"column":70}},"112":{"start":{"line":205,"column":10},"end":{"line":205,"column":54}},"113":{"start":{"line":206,"column":10},"end":{"line":206,"column":55}},"114":{"start":{"line":207,"column":10},"end":{"line":207,"column":47}},"115":{"start":{"line":208,"column":10},"end":{"line":208,"column":17}},"116":{"start":{"line":212,"column":4},"end":{"line":225,"column":7}},"117":{"start":{"line":213,"column":28},"end":{"line":213,"column":51}},"118":{"start":{"line":214,"column":6},"end":{"line":214,"column":47}},"119":{"start":{"line":215,"column":6},"end":{"line":215,"column":40}},"120":{"start":{"line":216,"column":6},"end":{"line":224,"column":11}},"121":{"start":{"line":219,"column":37},"end":{"line":219,"column":51}},"122":{"start":{"line":220,"column":10},"end":{"line":220,"column":43}},"123":{"start":{"line":221,"column":10},"end":{"line":221,"column":69}},"124":{"start":{"line":222,"column":10},"end":{"line":222,"column":58}},"125":{"start":{"line":223,"column":10},"end":{"line":223,"column":17}},"126":{"start":{"line":227,"column":4},"end":{"line":239,"column":7}},"127":{"start":{"line":228,"column":28},"end":{"line":228,"column":51}},"128":{"start":{"line":229,"column":6},"end":{"line":229,"column":47}},"129":{"start":{"line":230,"column":6},"end":{"line":238,"column":11}},"130":{"start":{"line":233,"column":37},"end":{"line":233,"column":51}},"131":{"start":{"line":234,"column":10},"end":{"line":234,"column":43}},"132":{"start":{"line":235,"column":10},"end":{"line":235,"column":66}},"133":{"start":{"line":236,"column":10},"end":{"line":236,"column":58}},"134":{"start":{"line":237,"column":10},"end":{"line":237,"column":17}},"135":{"start":{"line":241,"column":4},"end":{"line":251,"column":7}},"136":{"start":{"line":242,"column":26},"end":{"line":242,"column":49}},"137":{"start":{"line":243,"column":6},"end":{"line":243,"column":34}},"138":{"start":{"line":244,"column":6},"end":{"line":250,"column":11}},"139":{"start":{"line":247,"column":10},"end":{"line":247,"column":43}},"140":{"start":{"line":248,"column":10},"end":{"line":248,"column":82}},"141":{"start":{"line":249,"column":10},"end":{"line":249,"column":17}},"142":{"start":{"line":253,"column":4},"end":{"line":263,"column":7}},"143":{"start":{"line":254,"column":20},"end":{"line":254,"column":43}},"144":{"start":{"line":255,"column":6},"end":{"line":255,"column":25}},"145":{"start":{"line":256,"column":6},"end":{"line":262,"column":11}},"146":{"start":{"line":259,"column":10},"end":{"line":259,"column":43}},"147":{"start":{"line":260,"column":10},"end":{"line":260,"column":82}},"148":{"start":{"line":261,"column":10},"end":{"line":261,"column":17}},"149":{"start":{"line":266,"column":2},"end":{"line":356,"column":5}},"150":{"start":{"line":267,"column":4},"end":{"line":275,"column":7}},"151":{"start":{"line":268,"column":6},"end":{"line":274,"column":8}},"152":{"start":{"line":278,"column":4},"end":{"line":286,"column":7}},"153":{"start":{"line":279,"column":6},"end":{"line":285,"column":11}},"154":{"start":{"line":282,"column":10},"end":{"line":282,"column":43}},"155":{"start":{"line":283,"column":10},"end":{"line":283,"column":74}},"156":{"start":{"line":284,"column":10},"end":{"line":284,"column":17}},"157":{"start":{"line":288,"column":4},"end":{"line":295,"column":7}},"158":{"start":{"line":289,"column":6},"end":{"line":294,"column":11}},"159":{"start":{"line":292,"column":10},"end":{"line":292,"column":43}},"160":{"start":{"line":293,"column":10},"end":{"line":293,"column":17}},"161":{"start":{"line":298,"column":4},"end":{"line":308,"column":7}},"162":{"start":{"line":299,"column":21},"end":{"line":299,"column":44}},"163":{"start":{"line":300,"column":6},"end":{"line":300,"column":25}},"164":{"start":{"line":301,"column":6},"end":{"line":307,"column":11}},"165":{"start":{"line":304,"column":10},"end":{"line":304,"column":43}},"166":{"start":{"line":305,"column":10},"end":{"line":305,"column":86}},"167":{"start":{"line":306,"column":10},"end":{"line":306,"column":17}},"168":{"start":{"line":310,"column":4},"end":{"line":320,"column":7}},"169":{"start":{"line":311,"column":21},"end":{"line":311,"column":44}},"170":{"start":{"line":312,"column":6},"end":{"line":312,"column":29}},"171":{"start":{"line":313,"column":6},"end":{"line":319,"column":11}},"172":{"start":{"line":316,"column":10},"end":{"line":316,"column":43}},"173":{"start":{"line":317,"column":10},"end":{"line":317,"column":73}},"174":{"start":{"line":318,"column":10},"end":{"line":318,"column":17}},"175":{"start":{"line":322,"column":4},"end":{"line":332,"column":7}},"176":{"start":{"line":323,"column":21},"end":{"line":323,"column":44}},"177":{"start":{"line":324,"column":6},"end":{"line":324,"column":32}},"178":{"start":{"line":325,"column":6},"end":{"line":331,"column":11}},"179":{"start":{"line":328,"column":10},"end":{"line":328,"column":43}},"180":{"start":{"line":329,"column":10},"end":{"line":329,"column":89}},"181":{"start":{"line":330,"column":10},"end":{"line":330,"column":17}},"182":{"start":{"line":334,"column":4},"end":{"line":344,"column":7}},"183":{"start":{"line":335,"column":21},"end":{"line":335,"column":44}},"184":{"start":{"line":336,"column":6},"end":{"line":336,"column":36}},"185":{"start":{"line":337,"column":6},"end":{"line":343,"column":11}},"186":{"start":{"line":340,"column":10},"end":{"line":340,"column":43}},"187":{"start":{"line":341,"column":10},"end":{"line":341,"column":72}},"188":{"start":{"line":342,"column":10},"end":{"line":342,"column":17}},"189":{"start":{"line":346,"column":4},"end":{"line":355,"column":7}},"190":{"start":{"line":347,"column":6},"end":{"line":354,"column":11}},"191":{"start":{"line":350,"column":10},"end":{"line":350,"column":43}},"192":{"start":{"line":351,"column":10},"end":{"line":351,"column":62}},"193":{"start":{"line":352,"column":10},"end":{"line":352,"column":54}},"194":{"start":{"line":353,"column":10},"end":{"line":353,"column":17}},"195":{"start":{"line":358,"column":2},"end":{"line":480,"column":5}},"196":{"start":{"line":359,"column":4},"end":{"line":368,"column":7}},"197":{"start":{"line":360,"column":6},"end":{"line":367,"column":8}},"198":{"start":{"line":371,"column":4},"end":{"line":379,"column":7}},"199":{"start":{"line":372,"column":6},"end":{"line":378,"column":11}},"200":{"start":{"line":375,"column":10},"end":{"line":375,"column":43}},"201":{"start":{"line":376,"column":10},"end":{"line":376,"column":74}},"202":{"start":{"line":377,"column":10},"end":{"line":377,"column":17}},"203":{"start":{"line":381,"column":4},"end":{"line":391,"column":7}},"204":{"start":{"line":382,"column":21},"end":{"line":382,"column":44}},"205":{"start":{"line":383,"column":6},"end":{"line":383,"column":30}},"206":{"start":{"line":384,"column":6},"end":{"line":390,"column":11}},"207":{"start":{"line":387,"column":10},"end":{"line":387,"column":43}},"208":{"start":{"line":388,"column":10},"end":{"line":388,"column":88}},"209":{"start":{"line":389,"column":10},"end":{"line":389,"column":17}},"210":{"start":{"line":393,"column":4},"end":{"line":403,"column":7}},"211":{"start":{"line":394,"column":21},"end":{"line":394,"column":44}},"212":{"start":{"line":395,"column":6},"end":{"line":395,"column":27}},"213":{"start":{"line":396,"column":6},"end":{"line":402,"column":11}},"214":{"start":{"line":399,"column":10},"end":{"line":399,"column":43}},"215":{"start":{"line":400,"column":10},"end":{"line":400,"column":110}},"216":{"start":{"line":401,"column":10},"end":{"line":401,"column":17}},"217":{"start":{"line":405,"column":4},"end":{"line":415,"column":7}},"218":{"start":{"line":406,"column":21},"end":{"line":406,"column":44}},"219":{"start":{"line":407,"column":6},"end":{"line":407,"column":30}},"220":{"start":{"line":408,"column":6},"end":{"line":414,"column":11}},"221":{"start":{"line":411,"column":10},"end":{"line":411,"column":43}},"222":{"start":{"line":412,"column":10},"end":{"line":412,"column":72}},"223":{"start":{"line":413,"column":10},"end":{"line":413,"column":17}},"224":{"start":{"line":417,"column":4},"end":{"line":426,"column":7}},"225":{"start":{"line":418,"column":6},"end":{"line":425,"column":11}},"226":{"start":{"line":421,"column":10},"end":{"line":421,"column":43}},"227":{"start":{"line":422,"column":10},"end":{"line":422,"column":54}},"228":{"start":{"line":423,"column":10},"end":{"line":423,"column":61}},"229":{"start":{"line":424,"column":10},"end":{"line":424,"column":17}},"230":{"start":{"line":429,"column":4},"end":{"line":442,"column":7}},"231":{"start":{"line":430,"column":21},"end":{"line":430,"column":44}},"232":{"start":{"line":431,"column":6},"end":{"line":431,"column":25}},"233":{"start":{"line":432,"column":6},"end":{"line":432,"column":30}},"234":{"start":{"line":433,"column":6},"end":{"line":441,"column":11}},"235":{"start":{"line":436,"column":10},"end":{"line":436,"column":38}},"236":{"start":{"line":437,"column":10},"end":{"line":437,"column":43}},"237":{"start":{"line":438,"column":10},"end":{"line":438,"column":54}},"238":{"start":{"line":439,"column":10},"end":{"line":439,"column":61}},"239":{"start":{"line":440,"column":10},"end":{"line":440,"column":17}},"240":{"start":{"line":444,"column":4},"end":{"line":456,"column":7}},"241":{"start":{"line":445,"column":21},"end":{"line":445,"column":44}},"242":{"start":{"line":446,"column":6},"end":{"line":446,"column":33}},"243":{"start":{"line":447,"column":6},"end":{"line":447,"column":30}},"244":{"start":{"line":448,"column":6},"end":{"line":455,"column":11}},"245":{"start":{"line":451,"column":10},"end":{"line":451,"column":43}},"246":{"start":{"line":452,"column":10},"end":{"line":452,"column":54}},"247":{"start":{"line":453,"column":10},"end":{"line":453,"column":61}},"248":{"start":{"line":454,"column":10},"end":{"line":454,"column":17}},"249":{"start":{"line":458,"column":4},"end":{"line":468,"column":7}},"250":{"start":{"line":459,"column":21},"end":{"line":459,"column":44}},"251":{"start":{"line":460,"column":6},"end":{"line":460,"column":32}},"252":{"start":{"line":461,"column":6},"end":{"line":467,"column":11}},"253":{"start":{"line":464,"column":10},"end":{"line":464,"column":43}},"254":{"start":{"line":465,"column":10},"end":{"line":465,"column":94}},"255":{"start":{"line":466,"column":10},"end":{"line":466,"column":17}},"256":{"start":{"line":470,"column":4},"end":{"line":479,"column":7}},"257":{"start":{"line":471,"column":6},"end":{"line":478,"column":11}},"258":{"start":{"line":474,"column":10},"end":{"line":474,"column":43}},"259":{"start":{"line":475,"column":10},"end":{"line":475,"column":59}},"260":{"start":{"line":476,"column":10},"end":{"line":476,"column":89}},"261":{"start":{"line":477,"column":10},"end":{"line":477,"column":17}},"262":{"start":{"line":482,"column":2},"end":{"line":578,"column":5}},"263":{"start":{"line":483,"column":4},"end":{"line":491,"column":7}},"264":{"start":{"line":484,"column":6},"end":{"line":490,"column":11}},"265":{"start":{"line":487,"column":10},"end":{"line":487,"column":43}},"266":{"start":{"line":488,"column":10},"end":{"line":488,"column":62}},"267":{"start":{"line":489,"column":10},"end":{"line":489,"column":17}},"268":{"start":{"line":493,"column":4},"end":{"line":502,"column":7}},"269":{"start":{"line":494,"column":20},"end":{"line":494,"column":39}},"270":{"start":{"line":495,"column":6},"end":{"line":501,"column":11}},"271":{"start":{"line":498,"column":10},"end":{"line":498,"column":43}},"272":{"start":{"line":499,"column":10},"end":{"line":499,"column":71}},"273":{"start":{"line":500,"column":10},"end":{"line":500,"column":17}},"274":{"start":{"line":504,"column":4},"end":{"line":512,"column":7}},"275":{"start":{"line":505,"column":6},"end":{"line":511,"column":11}},"276":{"start":{"line":508,"column":10},"end":{"line":508,"column":43}},"277":{"start":{"line":509,"column":10},"end":{"line":509,"column":63}},"278":{"start":{"line":510,"column":10},"end":{"line":510,"column":17}},"279":{"start":{"line":514,"column":4},"end":{"line":523,"column":7}},"280":{"start":{"line":515,"column":6},"end":{"line":522,"column":11}},"281":{"start":{"line":518,"column":10},"end":{"line":518,"column":43}},"282":{"start":{"line":519,"column":10},"end":{"line":519,"column":59}},"283":{"start":{"line":520,"column":10},"end":{"line":520,"column":89}},"284":{"start":{"line":521,"column":10},"end":{"line":521,"column":17}},"285":{"start":{"line":525,"column":4},"end":{"line":533,"column":7}},"286":{"start":{"line":526,"column":6},"end":{"line":532,"column":11}},"287":{"start":{"line":529,"column":10},"end":{"line":529,"column":43}},"288":{"start":{"line":530,"column":10},"end":{"line":530,"column":62}},"289":{"start":{"line":531,"column":10},"end":{"line":531,"column":17}},"290":{"start":{"line":535,"column":4},"end":{"line":544,"column":7}},"291":{"start":{"line":536,"column":6},"end":{"line":543,"column":11}},"292":{"start":{"line":539,"column":10},"end":{"line":539,"column":43}},"293":{"start":{"line":540,"column":10},"end":{"line":540,"column":59}},"294":{"start":{"line":541,"column":10},"end":{"line":541,"column":89}},"295":{"start":{"line":542,"column":10},"end":{"line":542,"column":17}},"296":{"start":{"line":546,"column":4},"end":{"line":555,"column":7}},"297":{"start":{"line":547,"column":6},"end":{"line":554,"column":11}},"298":{"start":{"line":550,"column":10},"end":{"line":550,"column":43}},"299":{"start":{"line":551,"column":10},"end":{"line":551,"column":61}},"300":{"start":{"line":552,"column":10},"end":{"line":552,"column":61}},"301":{"start":{"line":553,"column":10},"end":{"line":553,"column":17}},"302":{"start":{"line":557,"column":4},"end":{"line":566,"column":7}},"303":{"start":{"line":558,"column":6},"end":{"line":565,"column":11}},"304":{"start":{"line":561,"column":10},"end":{"line":561,"column":43}},"305":{"start":{"line":562,"column":10},"end":{"line":562,"column":61}},"306":{"start":{"line":563,"column":10},"end":{"line":563,"column":61}},"307":{"start":{"line":564,"column":10},"end":{"line":564,"column":17}},"308":{"start":{"line":569,"column":4},"end":{"line":577,"column":7}},"309":{"start":{"line":570,"column":6},"end":{"line":576,"column":11}},"310":{"start":{"line":573,"column":10},"end":{"line":573,"column":43}},"311":{"start":{"line":574,"column":10},"end":{"line":574,"column":88}},"312":{"start":{"line":575,"column":10},"end":{"line":575,"column":17}},"313":{"start":{"line":581,"column":2},"end":{"line":639,"column":5}},"314":{"start":{"line":582,"column":4},"end":{"line":586,"column":7}},"315":{"start":{"line":583,"column":6},"end":{"line":585,"column":8}},"316":{"start":{"line":589,"column":4},"end":{"line":597,"column":7}},"317":{"start":{"line":590,"column":6},"end":{"line":596,"column":11}},"318":{"start":{"line":593,"column":10},"end":{"line":593,"column":43}},"319":{"start":{"line":594,"column":10},"end":{"line":594,"column":74}},"320":{"start":{"line":595,"column":10},"end":{"line":595,"column":17}},"321":{"start":{"line":600,"column":4},"end":{"line":608,"column":7}},"322":{"start":{"line":601,"column":6},"end":{"line":607,"column":11}},"323":{"start":{"line":604,"column":10},"end":{"line":604,"column":43}},"324":{"start":{"line":605,"column":10},"end":{"line":605,"column":63}},"325":{"start":{"line":606,"column":10},"end":{"line":606,"column":17}},"326":{"start":{"line":610,"column":4},"end":{"line":618,"column":7}},"327":{"start":{"line":611,"column":6},"end":{"line":617,"column":11}},"328":{"start":{"line":614,"column":10},"end":{"line":614,"column":43}},"329":{"start":{"line":615,"column":10},"end":{"line":615,"column":70}},"330":{"start":{"line":616,"column":10},"end":{"line":616,"column":17}},"331":{"start":{"line":620,"column":4},"end":{"line":628,"column":7}},"332":{"start":{"line":621,"column":6},"end":{"line":627,"column":11}},"333":{"start":{"line":624,"column":10},"end":{"line":624,"column":43}},"334":{"start":{"line":625,"column":10},"end":{"line":625,"column":61}},"335":{"start":{"line":626,"column":10},"end":{"line":626,"column":17}},"336":{"start":{"line":630,"column":4},"end":{"line":638,"column":7}},"337":{"start":{"line":631,"column":6},"end":{"line":637,"column":11}},"338":{"start":{"line":634,"column":10},"end":{"line":634,"column":43}},"339":{"start":{"line":635,"column":10},"end":{"line":635,"column":62}},"340":{"start":{"line":636,"column":10},"end":{"line":636,"column":17}},"341":{"start":{"line":641,"column":2},"end":{"line":702,"column":5}},"342":{"start":{"line":642,"column":4},"end":{"line":650,"column":7}},"343":{"start":{"line":643,"column":6},"end":{"line":649,"column":11}},"344":{"start":{"line":646,"column":10},"end":{"line":646,"column":43}},"345":{"start":{"line":647,"column":10},"end":{"line":647,"column":66}},"346":{"start":{"line":648,"column":10},"end":{"line":648,"column":17}},"347":{"start":{"line":652,"column":4},"end":{"line":661,"column":7}},"348":{"start":{"line":653,"column":20},"end":{"line":653,"column":39}},"349":{"start":{"line":654,"column":6},"end":{"line":660,"column":11}},"350":{"start":{"line":657,"column":10},"end":{"line":657,"column":43}},"351":{"start":{"line":658,"column":10},"end":{"line":658,"column":71}},"352":{"start":{"line":659,"column":10},"end":{"line":659,"column":17}},"353":{"start":{"line":663,"column":4},"end":{"line":671,"column":7}},"354":{"start":{"line":664,"column":6},"end":{"line":670,"column":11}},"355":{"start":{"line":667,"column":10},"end":{"line":667,"column":43}},"356":{"start":{"line":668,"column":10},"end":{"line":668,"column":64}},"357":{"start":{"line":669,"column":10},"end":{"line":669,"column":17}},"358":{"start":{"line":673,"column":4},"end":{"line":680,"column":7}},"359":{"start":{"line":674,"column":6},"end":{"line":679,"column":11}},"360":{"start":{"line":677,"column":10},"end":{"line":677,"column":43}},"361":{"start":{"line":678,"column":10},"end":{"line":678,"column":17}},"362":{"start":{"line":682,"column":4},"end":{"line":691,"column":7}},"363":{"start":{"line":683,"column":6},"end":{"line":690,"column":11}},"364":{"start":{"line":686,"column":10},"end":{"line":686,"column":43}},"365":{"start":{"line":687,"column":10},"end":{"line":687,"column":62}},"366":{"start":{"line":688,"column":10},"end":{"line":688,"column":63}},"367":{"start":{"line":689,"column":10},"end":{"line":689,"column":17}},"368":{"start":{"line":693,"column":4},"end":{"line":701,"column":7}},"369":{"start":{"line":694,"column":6},"end":{"line":700,"column":11}},"370":{"start":{"line":697,"column":10},"end":{"line":697,"column":43}},"371":{"start":{"line":698,"column":10},"end":{"line":698,"column":73}},"372":{"start":{"line":699,"column":10},"end":{"line":699,"column":17}},"373":{"start":{"line":704,"column":2},"end":{"line":733,"column":5}},"374":{"start":{"line":705,"column":4},"end":{"line":713,"column":7}},"375":{"start":{"line":706,"column":6},"end":{"line":712,"column":11}},"376":{"start":{"line":709,"column":10},"end":{"line":709,"column":43}},"377":{"start":{"line":710,"column":10},"end":{"line":710,"column":64}},"378":{"start":{"line":711,"column":10},"end":{"line":711,"column":17}},"379":{"start":{"line":715,"column":4},"end":{"line":723,"column":7}},"380":{"start":{"line":716,"column":6},"end":{"line":722,"column":11}},"381":{"start":{"line":719,"column":10},"end":{"line":719,"column":43}},"382":{"start":{"line":720,"column":10},"end":{"line":720,"column":60}},"383":{"start":{"line":721,"column":10},"end":{"line":721,"column":17}},"384":{"start":{"line":725,"column":4},"end":{"line":732,"column":7}},"385":{"start":{"line":726,"column":6},"end":{"line":731,"column":11}},"386":{"start":{"line":729,"column":10},"end":{"line":729,"column":43}},"387":{"start":{"line":730,"column":10},"end":{"line":730,"column":17}},"388":{"start":{"line":735,"column":2},"end":{"line":768,"column":5}},"389":{"start":{"line":736,"column":4},"end":{"line":746,"column":7}},"390":{"start":{"line":737,"column":6},"end":{"line":745,"column":11}},"391":{"start":{"line":740,"column":10},"end":{"line":740,"column":43}},"392":{"start":{"line":741,"column":10},"end":{"line":741,"column":54}},"393":{"start":{"line":742,"column":10},"end":{"line":742,"column":61}},"394":{"start":{"line":743,"column":10},"end":{"line":743,"column":53}},"395":{"start":{"line":744,"column":10},"end":{"line":744,"column":17}},"396":{"start":{"line":748,"column":4},"end":{"line":757,"column":7}},"397":{"start":{"line":749,"column":6},"end":{"line":756,"column":11}},"398":{"start":{"line":752,"column":10},"end":{"line":752,"column":43}},"399":{"start":{"line":753,"column":10},"end":{"line":753,"column":61}},"400":{"start":{"line":754,"column":10},"end":{"line":754,"column":53}},"401":{"start":{"line":755,"column":10},"end":{"line":755,"column":17}},"402":{"start":{"line":759,"column":4},"end":{"line":767,"column":7}},"403":{"start":{"line":760,"column":6},"end":{"line":766,"column":11}},"404":{"start":{"line":763,"column":10},"end":{"line":763,"column":43}},"405":{"start":{"line":764,"column":10},"end":{"line":764,"column":90}},"406":{"start":{"line":765,"column":10},"end":{"line":765,"column":17}}},"fnMap":{"0":{"name":"(anonymous_0)","decl":{"start":{"line":17,"column":34},"end":{"line":17,"column":35}},"loc":{"start":{"line":17,"column":40},"end":{"line":769,"column":1}},"line":17},"1":{"name":"(anonymous_1)","decl":{"start":{"line":18,"column":26},"end":{"line":18,"column":27}},"loc":{"start":{"line":18,"column":32},"end":{"line":168,"column":3}},"line":18},"2":{"name":"(anonymous_2)","decl":{"start":{"line":20,"column":15},"end":{"line":20,"column":16}},"loc":{"start":{"line":20,"column":21},"end":{"line":26,"column":5}},"line":20},"3":{"name":"(anonymous_3)","decl":{"start":{"line":28,"column":55},"end":{"line":28,"column":56}},"loc":{"start":{"line":28,"column":65},"end":{"line":37,"column":5}},"line":28},"4":{"name":"(anonymous_4)","decl":{"start":{"line":31,"column":13},"end":{"line":31,"column":14}},"loc":{"start":{"line":31,"column":27},"end":{"line":36,"column":9}},"line":31},"5":{"name":"(anonymous_5)","decl":{"start":{"line":39,"column":62},"end":{"line":39,"column":63}},"loc":{"start":{"line":39,"column":72},"end":{"line":52,"column":5}},"line":39},"6":{"name":"(anonymous_6)","decl":{"start":{"line":46,"column":13},"end":{"line":46,"column":14}},"loc":{"start":{"line":46,"column":27},"end":{"line":51,"column":9}},"line":46},"7":{"name":"(anonymous_7)","decl":{"start":{"line":54,"column":55},"end":{"line":54,"column":56}},"loc":{"start":{"line":54,"column":65},"end":{"line":65,"column":5}},"line":54},"8":{"name":"(anonymous_8)","decl":{"start":{"line":60,"column":13},"end":{"line":60,"column":14}},"loc":{"start":{"line":60,"column":27},"end":{"line":64,"column":9}},"line":60},"9":{"name":"(anonymous_9)","decl":{"start":{"line":67,"column":51},"end":{"line":67,"column":52}},"loc":{"start":{"line":67,"column":61},"end":{"line":78,"column":5}},"line":67},"10":{"name":"(anonymous_10)","decl":{"start":{"line":73,"column":13},"end":{"line":73,"column":14}},"loc":{"start":{"line":73,"column":27},"end":{"line":77,"column":9}},"line":73},"11":{"name":"(anonymous_11)","decl":{"start":{"line":80,"column":49},"end":{"line":80,"column":50}},"loc":{"start":{"line":80,"column":59},"end":{"line":90,"column":5}},"line":80},"12":{"name":"(anonymous_12)","decl":{"start":{"line":85,"column":13},"end":{"line":85,"column":14}},"loc":{"start":{"line":85,"column":27},"end":{"line":89,"column":9}},"line":85},"13":{"name":"(anonymous_13)","decl":{"start":{"line":92,"column":63},"end":{"line":92,"column":64}},"loc":{"start":{"line":92,"column":73},"end":{"line":102,"column":5}},"line":92},"14":{"name":"(anonymous_14)","decl":{"start":{"line":97,"column":13},"end":{"line":97,"column":14}},"loc":{"start":{"line":97,"column":27},"end":{"line":101,"column":9}},"line":97},"15":{"name":"(anonymous_15)","decl":{"start":{"line":104,"column":42},"end":{"line":104,"column":43}},"loc":{"start":{"line":104,"column":52},"end":{"line":115,"column":5}},"line":104},"16":{"name":"(anonymous_16)","decl":{"start":{"line":110,"column":13},"end":{"line":110,"column":14}},"loc":{"start":{"line":110,"column":27},"end":{"line":114,"column":9}},"line":110},"17":{"name":"(anonymous_17)","decl":{"start":{"line":117,"column":48},"end":{"line":117,"column":49}},"loc":{"start":{"line":117,"column":58},"end":{"line":128,"column":5}},"line":117},"18":{"name":"(anonymous_18)","decl":{"start":{"line":123,"column":13},"end":{"line":123,"column":14}},"loc":{"start":{"line":123,"column":27},"end":{"line":127,"column":9}},"line":123},"19":{"name":"(anonymous_19)","decl":{"start":{"line":130,"column":55},"end":{"line":130,"column":56}},"loc":{"start":{"line":130,"column":65},"end":{"line":141,"column":5}},"line":130},"20":{"name":"(anonymous_20)","decl":{"start":{"line":136,"column":13},"end":{"line":136,"column":14}},"loc":{"start":{"line":136,"column":27},"end":{"line":140,"column":9}},"line":136},"21":{"name":"(anonymous_21)","decl":{"start":{"line":143,"column":51},"end":{"line":143,"column":52}},"loc":{"start":{"line":143,"column":61},"end":{"line":154,"column":5}},"line":143},"22":{"name":"(anonymous_22)","decl":{"start":{"line":149,"column":13},"end":{"line":149,"column":14}},"loc":{"start":{"line":149,"column":27},"end":{"line":153,"column":9}},"line":149},"23":{"name":"(anonymous_23)","decl":{"start":{"line":156,"column":60},"end":{"line":156,"column":61}},"loc":{"start":{"line":156,"column":70},"end":{"line":167,"column":5}},"line":156},"24":{"name":"(anonymous_24)","decl":{"start":{"line":162,"column":13},"end":{"line":162,"column":14}},"loc":{"start":{"line":162,"column":27},"end":{"line":166,"column":9}},"line":162},"25":{"name":"(anonymous_25)","decl":{"start":{"line":170,"column":25},"end":{"line":170,"column":26}},"loc":{"start":{"line":170,"column":31},"end":{"line":264,"column":3}},"line":170},"26":{"name":"(anonymous_26)","decl":{"start":{"line":173,"column":15},"end":{"line":173,"column":16}},"loc":{"start":{"line":173,"column":21},"end":{"line":178,"column":5}},"line":173},"27":{"name":"(anonymous_27)","decl":{"start":{"line":180,"column":57},"end":{"line":180,"column":58}},"loc":{"start":{"line":180,"column":67},"end":{"line":193,"column":5}},"line":180},"28":{"name":"(anonymous_28)","decl":{"start":{"line":183,"column":13},"end":{"line":183,"column":14}},"loc":{"start":{"line":183,"column":27},"end":{"line":192,"column":9}},"line":183},"29":{"name":"(anonymous_29)","decl":{"start":{"line":194,"column":57},"end":{"line":194,"column":58}},"loc":{"start":{"line":194,"column":67},"end":{"line":210,"column":5}},"line":194},"30":{"name":"(anonymous_30)","decl":{"start":{"line":200,"column":13},"end":{"line":200,"column":14}},"loc":{"start":{"line":200,"column":27},"end":{"line":209,"column":9}},"line":200},"31":{"name":"(anonymous_31)","decl":{"start":{"line":212,"column":50},"end":{"line":212,"column":51}},"loc":{"start":{"line":212,"column":60},"end":{"line":225,"column":5}},"line":212},"32":{"name":"(anonymous_32)","decl":{"start":{"line":218,"column":13},"end":{"line":218,"column":14}},"loc":{"start":{"line":218,"column":27},"end":{"line":224,"column":9}},"line":218},"33":{"name":"(anonymous_33)","decl":{"start":{"line":227,"column":50},"end":{"line":227,"column":51}},"loc":{"start":{"line":227,"column":60},"end":{"line":239,"column":5}},"line":227},"34":{"name":"(anonymous_34)","decl":{"start":{"line":232,"column":13},"end":{"line":232,"column":14}},"loc":{"start":{"line":232,"column":27},"end":{"line":238,"column":9}},"line":232},"35":{"name":"(anonymous_35)","decl":{"start":{"line":241,"column":49},"end":{"line":241,"column":50}},"loc":{"start":{"line":241,"column":59},"end":{"line":251,"column":5}},"line":241},"36":{"name":"(anonymous_36)","decl":{"start":{"line":246,"column":13},"end":{"line":246,"column":14}},"loc":{"start":{"line":246,"column":27},"end":{"line":250,"column":9}},"line":246},"37":{"name":"(anonymous_37)","decl":{"start":{"line":253,"column":48},"end":{"line":253,"column":49}},"loc":{"start":{"line":253,"column":58},"end":{"line":263,"column":5}},"line":253},"38":{"name":"(anonymous_38)","decl":{"start":{"line":258,"column":13},"end":{"line":258,"column":14}},"loc":{"start":{"line":258,"column":27},"end":{"line":262,"column":9}},"line":258},"39":{"name":"(anonymous_39)","decl":{"start":{"line":266,"column":25},"end":{"line":266,"column":26}},"loc":{"start":{"line":266,"column":31},"end":{"line":356,"column":3}},"line":266},"40":{"name":"(anonymous_40)","decl":{"start":{"line":267,"column":15},"end":{"line":267,"column":16}},"loc":{"start":{"line":267,"column":21},"end":{"line":275,"column":5}},"line":267},"41":{"name":"(anonymous_41)","decl":{"start":{"line":278,"column":45},"end":{"line":278,"column":46}},"loc":{"start":{"line":278,"column":55},"end":{"line":286,"column":5}},"line":278},"42":{"name":"(anonymous_42)","decl":{"start":{"line":281,"column":13},"end":{"line":281,"column":14}},"loc":{"start":{"line":281,"column":27},"end":{"line":285,"column":9}},"line":281},"43":{"name":"(anonymous_43)","decl":{"start":{"line":288,"column":55},"end":{"line":288,"column":56}},"loc":{"start":{"line":288,"column":65},"end":{"line":295,"column":5}},"line":288},"44":{"name":"(anonymous_44)","decl":{"start":{"line":291,"column":13},"end":{"line":291,"column":14}},"loc":{"start":{"line":291,"column":27},"end":{"line":294,"column":9}},"line":291},"45":{"name":"(anonymous_45)","decl":{"start":{"line":298,"column":51},"end":{"line":298,"column":52}},"loc":{"start":{"line":298,"column":61},"end":{"line":308,"column":5}},"line":298},"46":{"name":"(anonymous_46)","decl":{"start":{"line":303,"column":13},"end":{"line":303,"column":14}},"loc":{"start":{"line":303,"column":27},"end":{"line":307,"column":9}},"line":303},"47":{"name":"(anonymous_47)","decl":{"start":{"line":310,"column":66},"end":{"line":310,"column":67}},"loc":{"start":{"line":310,"column":76},"end":{"line":320,"column":5}},"line":310},"48":{"name":"(anonymous_48)","decl":{"start":{"line":315,"column":13},"end":{"line":315,"column":14}},"loc":{"start":{"line":315,"column":27},"end":{"line":319,"column":9}},"line":315},"49":{"name":"(anonymous_49)","decl":{"start":{"line":322,"column":64},"end":{"line":322,"column":65}},"loc":{"start":{"line":322,"column":74},"end":{"line":332,"column":5}},"line":322},"50":{"name":"(anonymous_50)","decl":{"start":{"line":327,"column":13},"end":{"line":327,"column":14}},"loc":{"start":{"line":327,"column":27},"end":{"line":331,"column":9}},"line":327},"51":{"name":"(anonymous_51)","decl":{"start":{"line":334,"column":50},"end":{"line":334,"column":51}},"loc":{"start":{"line":334,"column":60},"end":{"line":344,"column":5}},"line":334},"52":{"name":"(anonymous_52)","decl":{"start":{"line":339,"column":13},"end":{"line":339,"column":14}},"loc":{"start":{"line":339,"column":27},"end":{"line":343,"column":9}},"line":339},"53":{"name":"(anonymous_53)","decl":{"start":{"line":346,"column":42},"end":{"line":346,"column":43}},"loc":{"start":{"line":346,"column":52},"end":{"line":355,"column":5}},"line":346},"54":{"name":"(anonymous_54)","decl":{"start":{"line":349,"column":13},"end":{"line":349,"column":14}},"loc":{"start":{"line":349,"column":27},"end":{"line":354,"column":9}},"line":349},"55":{"name":"(anonymous_55)","decl":{"start":{"line":358,"column":25},"end":{"line":358,"column":26}},"loc":{"start":{"line":358,"column":31},"end":{"line":480,"column":3}},"line":358},"56":{"name":"(anonymous_56)","decl":{"start":{"line":359,"column":15},"end":{"line":359,"column":16}},"loc":{"start":{"line":359,"column":21},"end":{"line":368,"column":5}},"line":359},"57":{"name":"(anonymous_57)","decl":{"start":{"line":371,"column":45},"end":{"line":371,"column":46}},"loc":{"start":{"line":371,"column":55},"end":{"line":379,"column":5}},"line":371},"58":{"name":"(anonymous_58)","decl":{"start":{"line":374,"column":13},"end":{"line":374,"column":14}},"loc":{"start":{"line":374,"column":27},"end":{"line":378,"column":9}},"line":374},"59":{"name":"(anonymous_59)","decl":{"start":{"line":381,"column":56},"end":{"line":381,"column":57}},"loc":{"start":{"line":381,"column":66},"end":{"line":391,"column":5}},"line":381},"60":{"name":"(anonymous_60)","decl":{"start":{"line":386,"column":13},"end":{"line":386,"column":14}},"loc":{"start":{"line":386,"column":27},"end":{"line":390,"column":9}},"line":386},"61":{"name":"(anonymous_61)","decl":{"start":{"line":393,"column":48},"end":{"line":393,"column":49}},"loc":{"start":{"line":393,"column":58},"end":{"line":403,"column":5}},"line":393},"62":{"name":"(anonymous_62)","decl":{"start":{"line":398,"column":13},"end":{"line":398,"column":14}},"loc":{"start":{"line":398,"column":27},"end":{"line":402,"column":9}},"line":398},"63":{"name":"(anonymous_63)","decl":{"start":{"line":405,"column":57},"end":{"line":405,"column":58}},"loc":{"start":{"line":405,"column":67},"end":{"line":415,"column":5}},"line":405},"64":{"name":"(anonymous_64)","decl":{"start":{"line":410,"column":13},"end":{"line":410,"column":14}},"loc":{"start":{"line":410,"column":27},"end":{"line":414,"column":9}},"line":410},"65":{"name":"(anonymous_65)","decl":{"start":{"line":417,"column":35},"end":{"line":417,"column":36}},"loc":{"start":{"line":417,"column":45},"end":{"line":426,"column":5}},"line":417},"66":{"name":"(anonymous_66)","decl":{"start":{"line":420,"column":13},"end":{"line":420,"column":14}},"loc":{"start":{"line":420,"column":27},"end":{"line":425,"column":9}},"line":420},"67":{"name":"(anonymous_67)","decl":{"start":{"line":429,"column":39},"end":{"line":429,"column":40}},"loc":{"start":{"line":429,"column":49},"end":{"line":442,"column":5}},"line":429},"68":{"name":"(anonymous_68)","decl":{"start":{"line":435,"column":13},"end":{"line":435,"column":14}},"loc":{"start":{"line":435,"column":27},"end":{"line":441,"column":9}},"line":435},"69":{"name":"(anonymous_69)","decl":{"start":{"line":444,"column":61},"end":{"line":444,"column":62}},"loc":{"start":{"line":444,"column":71},"end":{"line":456,"column":5}},"line":444},"70":{"name":"(anonymous_70)","decl":{"start":{"line":450,"column":13},"end":{"line":450,"column":14}},"loc":{"start":{"line":450,"column":27},"end":{"line":455,"column":9}},"line":450},"71":{"name":"(anonymous_71)","decl":{"start":{"line":458,"column":46},"end":{"line":458,"column":47}},"loc":{"start":{"line":458,"column":56},"end":{"line":468,"column":5}},"line":458},"72":{"name":"(anonymous_72)","decl":{"start":{"line":463,"column":13},"end":{"line":463,"column":14}},"loc":{"start":{"line":463,"column":27},"end":{"line":467,"column":9}},"line":463},"73":{"name":"(anonymous_73)","decl":{"start":{"line":470,"column":37},"end":{"line":470,"column":38}},"loc":{"start":{"line":470,"column":47},"end":{"line":479,"column":5}},"line":470},"74":{"name":"(anonymous_74)","decl":{"start":{"line":473,"column":13},"end":{"line":473,"column":14}},"loc":{"start":{"line":473,"column":27},"end":{"line":478,"column":9}},"line":473},"75":{"name":"(anonymous_75)","decl":{"start":{"line":482,"column":27},"end":{"line":482,"column":28}},"loc":{"start":{"line":482,"column":33},"end":{"line":578,"column":3}},"line":482},"76":{"name":"(anonymous_76)","decl":{"start":{"line":483,"column":44},"end":{"line":483,"column":45}},"loc":{"start":{"line":483,"column":54},"end":{"line":491,"column":5}},"line":483},"77":{"name":"(anonymous_77)","decl":{"start":{"line":486,"column":13},"end":{"line":486,"column":14}},"loc":{"start":{"line":486,"column":27},"end":{"line":490,"column":9}},"line":486},"78":{"name":"(anonymous_78)","decl":{"start":{"line":493,"column":43},"end":{"line":493,"column":44}},"loc":{"start":{"line":493,"column":53},"end":{"line":502,"column":5}},"line":493},"79":{"name":"(anonymous_79)","decl":{"start":{"line":497,"column":13},"end":{"line":497,"column":14}},"loc":{"start":{"line":497,"column":27},"end":{"line":501,"column":9}},"line":497},"80":{"name":"(anonymous_80)","decl":{"start":{"line":504,"column":44},"end":{"line":504,"column":45}},"loc":{"start":{"line":504,"column":54},"end":{"line":512,"column":5}},"line":504},"81":{"name":"(anonymous_81)","decl":{"start":{"line":507,"column":13},"end":{"line":507,"column":14}},"loc":{"start":{"line":507,"column":27},"end":{"line":511,"column":9}},"line":507},"82":{"name":"(anonymous_82)","decl":{"start":{"line":514,"column":48},"end":{"line":514,"column":49}},"loc":{"start":{"line":514,"column":58},"end":{"line":523,"column":5}},"line":514},"83":{"name":"(anonymous_83)","decl":{"start":{"line":517,"column":13},"end":{"line":517,"column":14}},"loc":{"start":{"line":517,"column":27},"end":{"line":522,"column":9}},"line":517},"84":{"name":"(anonymous_84)","decl":{"start":{"line":525,"column":62},"end":{"line":525,"column":63}},"loc":{"start":{"line":525,"column":72},"end":{"line":533,"column":5}},"line":525},"85":{"name":"(anonymous_85)","decl":{"start":{"line":528,"column":13},"end":{"line":528,"column":14}},"loc":{"start":{"line":528,"column":27},"end":{"line":532,"column":9}},"line":528},"86":{"name":"(anonymous_86)","decl":{"start":{"line":535,"column":47},"end":{"line":535,"column":48}},"loc":{"start":{"line":535,"column":57},"end":{"line":544,"column":5}},"line":535},"87":{"name":"(anonymous_87)","decl":{"start":{"line":538,"column":13},"end":{"line":538,"column":14}},"loc":{"start":{"line":538,"column":27},"end":{"line":543,"column":9}},"line":538},"88":{"name":"(anonymous_88)","decl":{"start":{"line":546,"column":55},"end":{"line":546,"column":56}},"loc":{"start":{"line":546,"column":65},"end":{"line":555,"column":5}},"line":546},"89":{"name":"(anonymous_89)","decl":{"start":{"line":549,"column":13},"end":{"line":549,"column":14}},"loc":{"start":{"line":549,"column":27},"end":{"line":554,"column":9}},"line":549},"90":{"name":"(anonymous_90)","decl":{"start":{"line":557,"column":41},"end":{"line":557,"column":42}},"loc":{"start":{"line":557,"column":51},"end":{"line":566,"column":5}},"line":557},"91":{"name":"(anonymous_91)","decl":{"start":{"line":560,"column":13},"end":{"line":560,"column":14}},"loc":{"start":{"line":560,"column":27},"end":{"line":565,"column":9}},"line":560},"92":{"name":"(anonymous_92)","decl":{"start":{"line":569,"column":52},"end":{"line":569,"column":53}},"loc":{"start":{"line":569,"column":62},"end":{"line":577,"column":5}},"line":569},"93":{"name":"(anonymous_93)","decl":{"start":{"line":572,"column":13},"end":{"line":572,"column":14}},"loc":{"start":{"line":572,"column":27},"end":{"line":576,"column":9}},"line":572},"94":{"name":"(anonymous_94)","decl":{"start":{"line":581,"column":28},"end":{"line":581,"column":29}},"loc":{"start":{"line":581,"column":34},"end":{"line":639,"column":3}},"line":581},"95":{"name":"(anonymous_95)","decl":{"start":{"line":582,"column":15},"end":{"line":582,"column":16}},"loc":{"start":{"line":582,"column":21},"end":{"line":586,"column":5}},"line":582},"96":{"name":"(anonymous_96)","decl":{"start":{"line":589,"column":45},"end":{"line":589,"column":46}},"loc":{"start":{"line":589,"column":55},"end":{"line":597,"column":5}},"line":589},"97":{"name":"(anonymous_97)","decl":{"start":{"line":592,"column":13},"end":{"line":592,"column":14}},"loc":{"start":{"line":592,"column":27},"end":{"line":596,"column":9}},"line":592},"98":{"name":"(anonymous_98)","decl":{"start":{"line":600,"column":45},"end":{"line":600,"column":46}},"loc":{"start":{"line":600,"column":55},"end":{"line":608,"column":5}},"line":600},"99":{"name":"(anonymous_99)","decl":{"start":{"line":603,"column":13},"end":{"line":603,"column":14}},"loc":{"start":{"line":603,"column":27},"end":{"line":607,"column":9}},"line":603},"100":{"name":"(anonymous_100)","decl":{"start":{"line":610,"column":48},"end":{"line":610,"column":49}},"loc":{"start":{"line":610,"column":58},"end":{"line":618,"column":5}},"line":610},"101":{"name":"(anonymous_101)","decl":{"start":{"line":613,"column":13},"end":{"line":613,"column":14}},"loc":{"start":{"line":613,"column":27},"end":{"line":617,"column":9}},"line":613},"102":{"name":"(anonymous_102)","decl":{"start":{"line":620,"column":50},"end":{"line":620,"column":51}},"loc":{"start":{"line":620,"column":60},"end":{"line":628,"column":5}},"line":620},"103":{"name":"(anonymous_103)","decl":{"start":{"line":623,"column":13},"end":{"line":623,"column":14}},"loc":{"start":{"line":623,"column":27},"end":{"line":627,"column":9}},"line":623},"104":{"name":"(anonymous_104)","decl":{"start":{"line":630,"column":41},"end":{"line":630,"column":42}},"loc":{"start":{"line":630,"column":51},"end":{"line":638,"column":5}},"line":630},"105":{"name":"(anonymous_105)","decl":{"start":{"line":633,"column":13},"end":{"line":633,"column":14}},"loc":{"start":{"line":633,"column":27},"end":{"line":637,"column":9}},"line":633},"106":{"name":"(anonymous_106)","decl":{"start":{"line":641,"column":28},"end":{"line":641,"column":29}},"loc":{"start":{"line":641,"column":34},"end":{"line":702,"column":3}},"line":641},"107":{"name":"(anonymous_107)","decl":{"start":{"line":642,"column":44},"end":{"line":642,"column":45}},"loc":{"start":{"line":642,"column":54},"end":{"line":650,"column":5}},"line":642},"108":{"name":"(anonymous_108)","decl":{"start":{"line":645,"column":13},"end":{"line":645,"column":14}},"loc":{"start":{"line":645,"column":27},"end":{"line":649,"column":9}},"line":645},"109":{"name":"(anonymous_109)","decl":{"start":{"line":652,"column":43},"end":{"line":652,"column":44}},"loc":{"start":{"line":652,"column":53},"end":{"line":661,"column":5}},"line":652},"110":{"name":"(anonymous_110)","decl":{"start":{"line":656,"column":13},"end":{"line":656,"column":14}},"loc":{"start":{"line":656,"column":27},"end":{"line":660,"column":9}},"line":656},"111":{"name":"(anonymous_111)","decl":{"start":{"line":663,"column":44},"end":{"line":663,"column":45}},"loc":{"start":{"line":663,"column":54},"end":{"line":671,"column":5}},"line":663},"112":{"name":"(anonymous_112)","decl":{"start":{"line":666,"column":13},"end":{"line":666,"column":14}},"loc":{"start":{"line":666,"column":27},"end":{"line":670,"column":9}},"line":666},"113":{"name":"(anonymous_113)","decl":{"start":{"line":673,"column":44},"end":{"line":673,"column":45}},"loc":{"start":{"line":673,"column":54},"end":{"line":680,"column":5}},"line":673},"114":{"name":"(anonymous_114)","decl":{"start":{"line":676,"column":13},"end":{"line":676,"column":14}},"loc":{"start":{"line":676,"column":27},"end":{"line":679,"column":9}},"line":676},"115":{"name":"(anonymous_115)","decl":{"start":{"line":682,"column":42},"end":{"line":682,"column":43}},"loc":{"start":{"line":682,"column":52},"end":{"line":691,"column":5}},"line":682},"116":{"name":"(anonymous_116)","decl":{"start":{"line":685,"column":13},"end":{"line":685,"column":14}},"loc":{"start":{"line":685,"column":27},"end":{"line":690,"column":9}},"line":685},"117":{"name":"(anonymous_117)","decl":{"start":{"line":693,"column":58},"end":{"line":693,"column":59}},"loc":{"start":{"line":693,"column":68},"end":{"line":701,"column":5}},"line":693},"118":{"name":"(anonymous_118)","decl":{"start":{"line":696,"column":13},"end":{"line":696,"column":14}},"loc":{"start":{"line":696,"column":27},"end":{"line":700,"column":9}},"line":696},"119":{"name":"(anonymous_119)","decl":{"start":{"line":704,"column":29},"end":{"line":704,"column":30}},"loc":{"start":{"line":704,"column":35},"end":{"line":733,"column":3}},"line":704},"120":{"name":"(anonymous_120)","decl":{"start":{"line":705,"column":44},"end":{"line":705,"column":45}},"loc":{"start":{"line":705,"column":54},"end":{"line":713,"column":5}},"line":705},"121":{"name":"(anonymous_121)","decl":{"start":{"line":708,"column":13},"end":{"line":708,"column":14}},"loc":{"start":{"line":708,"column":27},"end":{"line":712,"column":9}},"line":708},"122":{"name":"(anonymous_122)","decl":{"start":{"line":715,"column":40},"end":{"line":715,"column":41}},"loc":{"start":{"line":715,"column":50},"end":{"line":723,"column":5}},"line":715},"123":{"name":"(anonymous_123)","decl":{"start":{"line":718,"column":13},"end":{"line":718,"column":14}},"loc":{"start":{"line":718,"column":27},"end":{"line":722,"column":9}},"line":718},"124":{"name":"(anonymous_124)","decl":{"start":{"line":725,"column":42},"end":{"line":725,"column":43}},"loc":{"start":{"line":725,"column":52},"end":{"line":732,"column":5}},"line":725},"125":{"name":"(anonymous_125)","decl":{"start":{"line":728,"column":13},"end":{"line":728,"column":14}},"loc":{"start":{"line":728,"column":27},"end":{"line":731,"column":9}},"line":728},"126":{"name":"(anonymous_126)","decl":{"start":{"line":735,"column":26},"end":{"line":735,"column":27}},"loc":{"start":{"line":735,"column":32},"end":{"line":768,"column":3}},"line":735},"127":{"name":"(anonymous_127)","decl":{"start":{"line":736,"column":44},"end":{"line":736,"column":45}},"loc":{"start":{"line":736,"column":54},"end":{"line":746,"column":5}},"line":736},"128":{"name":"(anonymous_128)","decl":{"start":{"line":739,"column":13},"end":{"line":739,"column":14}},"loc":{"start":{"line":739,"column":27},"end":{"line":745,"column":9}},"line":739},"129":{"name":"(anonymous_129)","decl":{"start":{"line":748,"column":71},"end":{"line":748,"column":72}},"loc":{"start":{"line":748,"column":81},"end":{"line":757,"column":5}},"line":748},"130":{"name":"(anonymous_130)","decl":{"start":{"line":751,"column":13},"end":{"line":751,"column":14}},"loc":{"start":{"line":751,"column":27},"end":{"line":756,"column":9}},"line":751},"131":{"name":"(anonymous_131)","decl":{"start":{"line":759,"column":49},"end":{"line":759,"column":50}},"loc":{"start":{"line":759,"column":59},"end":{"line":767,"column":5}},"line":759},"132":{"name":"(anonymous_132)","decl":{"start":{"line":762,"column":13},"end":{"line":762,"column":14}},"loc":{"start":{"line":762,"column":27},"end":{"line":766,"column":9}},"line":762}},"branchMap":{},"s":{"0":1,"1":1,"2":1,"3":1,"4":1,"5":1,"6":1,"7":1,"8":1,"9":1,"10":1,"11":1,"12":1,"13":11,"14":1,"15":1,"16":1,"17":1,"18":1,"19":1,"20":1,"21":1,"22":1,"23":1,"24":1,"25":1,"26":1,"27":1,"28":1,"29":1,"30":1,"31":1,"32":1,"33":1,"34":1,"35":1,"36":1,"37":1,"38":1,"39":1,"40":1,"41":1,"42":1,"43":1,"44":1,"45":1,"46":1,"47":1,"48":1,"49":1,"50":1,"51":1,"52":1,"53":1,"54":1,"55":1,"56":1,"57":1,"58":1,"59":1,"60":1,"61":1,"62":1,"63":1,"64":1,"65":1,"66":1,"67":1,"68":1,"69":1,"70":1,"71":1,"72":1,"73":1,"74":1,"75":1,"76":1,"77":1,"78":1,"79":1,"80":1,"81":1,"82":1,"83":1,"84":1,"85":1,"86":1,"87":1,"88":1,"89":1,"90":1,"91":1,"92":1,"93":1,"94":1,"95":6,"96":1,"97":1,"98":1,"99":1,"100":1,"101":1,"102":1,"103":1,"104":1,"105":1,"106":1,"107":1,"108":1,"109":1,"110":1,"111":1,"112":1,"113":1,"114":1,"115":1,"116":1,"117":1,"118":1,"119":1,"120":1,"121":1,"122":1,"123":1,"124":1,"125":1,"126":1,"127":1,"128":1,"129":1,"130":1,"131":1,"132":1,"133":1,"134":1,"135":1,"136":1,"137":1,"138":1,"139":1,"140":1,"141":1,"142":1,"143":1,"144":1,"145":1,"146":1,"147":1,"148":1,"149":1,"150":1,"151":7,"152":1,"153":1,"154":1,"155":1,"156":1,"157":1,"158":1,"159":1,"160":1,"161":1,"162":1,"163":1,"164":1,"165":1,"166":1,"167":1,"168":1,"169":1,"170":1,"171":1,"172":1,"173":1,"174":1,"175":1,"176":1,"177":1,"178":1,"179":1,"180":1,"181":1,"182":1,"183":1,"184":1,"185":1,"186":1,"187":1,"188":1,"189":1,"190":1,"191":1,"192":1,"193":1,"194":1,"195":1,"196":1,"197":9,"198":1,"199":1,"200":1,"201":1,"202":1,"203":1,"204":1,"205":1,"206":1,"207":1,"208":1,"209":1,"210":1,"211":1,"212":1,"213":1,"214":1,"215":1,"216":1,"217":1,"218":1,"219":1,"220":1,"221":1,"222":1,"223":1,"224":1,"225":1,"226":1,"227":1,"228":1,"229":1,"230":1,"231":1,"232":1,"233":1,"234":1,"235":1,"236":1,"237":1,"238":1,"239":1,"240":1,"241":1,"242":1,"243":1,"244":1,"245":1,"246":1,"247":1,"248":1,"249":1,"250":1,"251":1,"252":1,"253":1,"254":1,"255":1,"256":1,"257":1,"258":1,"259":1,"260":1,"261":1,"262":1,"263":1,"264":1,"265":1,"266":1,"267":1,"268":1,"269":1,"270":1,"271":1,"272":1,"273":1,"274":1,"275":1,"276":1,"277":1,"278":1,"279":1,"280":1,"281":1,"282":1,"283":1,"284":1,"285":1,"286":1,"287":1,"288":1,"289":1,"290":1,"291":1,"292":1,"293":1,"294":1,"295":1,"296":1,"297":1,"298":1,"299":1,"300":1,"301":1,"302":1,"303":1,"304":1,"305":1,"306":1,"307":1,"308":1,"309":1,"310":1,"311":1,"312":1,"313":1,"314":1,"315":5,"316":1,"317":1,"318":1,"319":1,"320":1,"321":1,"322":1,"323":1,"324":1,"325":1,"326":1,"327":1,"328":1,"329":1,"330":1,"331":1,"332":1,"333":1,"334":1,"335":1,"336":1,"337":1,"338":1,"339":1,"340":1,"341":1,"342":1,"343":1,"344":1,"345":1,"346":1,"347":1,"348":1,"349":1,"350":1,"351":1,"352":1,"353":1,"354":1,"355":1,"356":1,"357":1,"358":1,"359":1,"360":1,"361":1,"362":1,"363":1,"364":1,"365":1,"366":1,"367":1,"368":1,"369":1,"370":1,"371":1,"372":1,"373":1,"374":1,"375":1,"376":1,"377":1,"378":1,"379":1,"380":1,"381":1,"382":1,"383":1,"384":1,"385":1,"386":1,"387":1,"388":1,"389":1,"390":1,"391":1,"392":1,"393":1,"394":1,"395":1,"396":1,"397":1,"398":1,"399":1,"400":1,"401":1,"402":1,"403":1,"404":1,"405":1,"406":1},"f":{"0":1,"1":1,"2":11,"3":1,"4":1,"5":1,"6":1,"7":1,"8":1,"9":1,"10":1,"11":1,"12":1,"13":1,"14":1,"15":1,"16":1,"17":1,"18":1,"19":1,"20":1,"21":1,"22":1,"23":1,"24":1,"25":1,"26":6,"27":1,"28":1,"29":1,"30":1,"31":1,"32":1,"33":1,"34":1,"35":1,"36":1,"37":1,"38":1,"39":1,"40":7,"41":1,"42":1,"43":1,"44":1,"45":1,"46":1,"47":1,"48":1,"49":1,"50":1,"51":1,"52":1,"53":1,"54":1,"55":1,"56":9,"57":1,"58":1,"59":1,"60":1,"61":1,"62":1,"63":1,"64":1,"65":1,"66":1,"67":1,"68":1,"69":1,"70":1,"71":1,"72":1,"73":1,"74":1,"75":1,"76":1,"77":1,"78":1,"79":1,"80":1,"81":1,"82":1,"83":1,"84":1,"85":1,"86":1,"87":1,"88":1,"89":1,"90":1,"91":1,"92":1,"93":1,"94":1,"95":5,"96":1,"97":1,"98":1,"99":1,"100":1,"101":1,"102":1,"103":1,"104":1,"105":1,"106":1,"107":1,"108":1,"109":1,"110":1,"111":1,"112":1,"113":1,"114":1,"115":1,"116":1,"117":1,"118":1,"119":1,"120":1,"121":1,"122":1,"123":1,"124":1,"125":1,"126":1,"127":1,"128":1,"129":1,"130":1,"131":1,"132":1},"b":{},"_coverageSchema":"332fd63041d2c1bcb487cc26dd0d5f7d97098a6c","hash":"4d3bcf19cb39ed772e2db1d616142825ba800895","contentHash":"b7841c75f26deea12548177f6497cf31_11.3.0"},"C:\\Users\\iyke\\projects\\Andela II\\Events\\server\\app.js":{"path":"C:\\Users\\iyke\\projects\\Andela II\\Events\\server\\app.js","statementMap":{"0":{"start":{"line":7,"column":12},"end":{"line":7,"column":21}},"1":{"start":{"line":10,"column":0},"end":{"line":10,"column":23}},"2":{"start":{"line":12,"column":0},"end":{"line":12,"column":27}},"3":{"start":{"line":14,"column":0},"end":{"line":14,"column":52}},"4":{"start":{"line":16,"column":0},"end":{"line":16,"column":27}},"5":{"start":{"line":18,"column":0},"end":{"line":20,"column":4}},"6":{"start":{"line":18,"column":27},"end":{"line":20,"column":2}},"7":{"start":{"line":23,"column":0},"end":{"line":23,"column":21}}},"fnMap":{"0":{"name":"(anonymous_0)","decl":{"start":{"line":18,"column":13},"end":{"line":18,"column":14}},"loc":{"start":{"line":18,"column":27},"end":{"line":20,"column":2}},"line":18}},"branchMap":{},"s":{"0":1,"1":1,"2":1,"3":1,"4":1,"5":1,"6":0,"7":1},"f":{"0":0},"b":{},"_coverageSchema":"332fd63041d2c1bcb487cc26dd0d5f7d97098a6c","hash":"83a8ba122ff353cb020a324cf75bb6a116c865a9","contentHash":"aa9ae55ac67726a780188f359a924649_11.3.0"},"C:\\Users\\iyke\\projects\\Andela II\\Events\\server\\routes\\index.js":{"path":"C:\\Users\\iyke\\projects\\Andela II\\Events\\server\\routes\\index.js","statementMap":{"0":{"start":{"line":7,"column":14},"end":{"line":7,"column":30}},"1":{"start":{"line":9,"column":0},"end":{"line":9,"column":26}},"2":{"start":{"line":10,"column":0},"end":{"line":10,"column":30}},"3":{"start":{"line":11,"column":0},"end":{"line":11,"column":28}},"4":{"start":{"line":13,"column":0},"end":{"line":13,"column":23}}},"fnMap":{},"branchMap":{},"s":{"0":1,"1":1,"2":1,"3":1,"4":1},"f":{},"b":{},"_coverageSchema":"332fd63041d2c1bcb487cc26dd0d5f7d97098a6c","hash":"cab9937059ed5daad739972dfcb941d6df73609c","contentHash":"a6b5f0aa33a3e940862013aa9cdc988d_11.3.0"},"C:\\Users\\iyke\\projects\\Andela II\\Events\\server\\routes\\userRouter.js":{"path":"C:\\Users\\iyke\\projects\\Andela II\\Events\\server\\routes\\userRouter.js","statementMap":{"0":{"start":{"line":4,"column":15},"end":{"line":4,"column":31}},"1":{"start":{"line":6,"column":0},"end":{"line":8,"column":4}},"2":{"start":{"line":6,"column":30},"end":{"line":8,"column":2}},"3":{"start":{"line":10,"column":0},"end":{"line":10,"column":46}},"4":{"start":{"line":12,"column":0},"end":{"line":12,"column":46}}},"fnMap":{"0":{"name":"(anonymous_0)","decl":{"start":{"line":6,"column":16},"end":{"line":6,"column":17}},"loc":{"start":{"line":6,"column":30},"end":{"line":8,"column":2}},"line":6}},"branchMap":{},"s":{"0":1,"1":1,"2":0,"3":1,"4":1},"f":{"0":0},"b":{},"_coverageSchema":"332fd63041d2c1bcb487cc26dd0d5f7d97098a6c","hash":"725ea523c0a4b6f3af95de3dad1b482dede29823","contentHash":"4db09fdd20136ba1452d83aaf747c850_11.3.0"},"C:\\Users\\iyke\\projects\\Andela II\\Events\\server\\controllers\\user\\index.js":{"path":"C:\\Users\\iyke\\projects\\Andela II\\Events\\server\\controllers\\user\\index.js","statementMap":{"0":{"start":{"line":4,"column":23},"end":{"line":7,"column":1}}},"fnMap":{},"branchMap":{},"s":{"0":1},"f":{},"b":{},"_coverageSchema":"332fd63041d2c1bcb487cc26dd0d5f7d97098a6c","hash":"f22bf1d15019d7c41e1e23e6fed819248c5be636","contentHash":"afbbd26027db0d29fcb03913ca72c47d_11.3.0"},"C:\\Users\\iyke\\projects\\Andela II\\Events\\server\\controllers\\user\\signup.js":{"path":"C:\\Users\\iyke\\projects\\Andela II\\Events\\server\\controllers\\user\\signup.js","statementMap":{"0":{"start":{"line":4,"column":15},"end":{"line":30,"column":1}},"1":{"start":{"line":5,"column":2},"end":{"line":11,"column":3}},"2":{"start":{"line":6,"column":4},"end":{"line":10,"column":5}},"3":{"start":{"line":7,"column":6},"end":{"line":9,"column":9}},"4":{"start":{"line":12,"column":2},"end":{"line":16,"column":3}},"5":{"start":{"line":13,"column":4},"end":{"line":15,"column":7}},"6":{"start":{"line":17,"column":2},"end":{"line":29,"column":8}},"7":{"start":{"line":22,"column":20},"end":{"line":26,"column":6}},"8":{"start":{"line":27,"column":20},"end":{"line":29,"column":6}}},"fnMap":{"0":{"name":"(anonymous_0)","decl":{"start":{"line":4,"column":15},"end":{"line":4,"column":16}},"loc":{"start":{"line":4,"column":29},"end":{"line":30,"column":1}},"line":4},"1":{"name":"(anonymous_1)","decl":{"start":{"line":22,"column":10},"end":{"line":22,"column":11}},"loc":{"start":{"line":22,"column":20},"end":{"line":26,"column":6}},"line":22},"2":{"name":"(anonymous_2)","decl":{"start":{"line":27,"column":11},"end":{"line":27,"column":12}},"loc":{"start":{"line":27,"column":20},"end":{"line":29,"column":6}},"line":27}},"branchMap":{"0":{"loc":{"start":{"line":5,"column":2},"end":{"line":11,"column":3}},"type":"if","locations":[{"start":{"line":5,"column":2},"end":{"line":11,"column":3}},{"start":{"line":5,"column":2},"end":{"line":11,"column":3}}],"line":5},"1":{"loc":{"start":{"line":6,"column":4},"end":{"line":10,"column":5}},"type":"if","locations":[{"start":{"line":6,"column":4},"end":{"line":10,"column":5}},{"start":{"line":6,"column":4},"end":{"line":10,"column":5}}],"line":6},"2":{"loc":{"start":{"line":12,"column":2},"end":{"line":16,"column":3}},"type":"if","locations":[{"start":{"line":12,"column":2},"end":{"line":16,"column":3}},{"start":{"line":12,"column":2},"end":{"line":16,"column":3}}],"line":12}},"s":{"0":1,"1":11,"2":10,"3":1,"4":10,"5":1,"6":9,"7":2,"8":7},"f":{"0":11,"1":2,"2":7},"b":{"0":[10,1],"1":[1,9],"2":[1,9]},"_coverageSchema":"332fd63041d2c1bcb487cc26dd0d5f7d97098a6c","hash":"1b78bb2a3535d60bb1dfa3378695f91648424845","contentHash":"a4cc3b6498e81ca228aa882802ee7330_11.3.0"},"C:\\Users\\iyke\\projects\\Andela II\\Events\\server\\models\\index.js":{"path":"C:\\Users\\iyke\\projects\\Andela II\\Events\\server\\models\\index.js","statementMap":{"0":{"start":{"line":1,"column":11},"end":{"line":1,"column":24}},"1":{"start":{"line":2,"column":13},"end":{"line":2,"column":28}},"2":{"start":{"line":3,"column":18},"end":{"line":3,"column":38}},"3":{"start":{"line":4,"column":17},"end":{"line":4,"column":47}},"4":{"start":{"line":5,"column":12},"end":{"line":5,"column":49}},"5":{"start":{"line":6,"column":15},"end":{"line":6,"column":65}},"6":{"start":{"line":7,"column":11},"end":{"line":7,"column":13}},"7":{"start":{"line":10,"column":0},"end":{"line":16,"column":1}},"8":{"start":{"line":11,"column":2},"end":{"line":11,"column":66}},"9":{"start":{"line":13,"column":2},"end":{"line":15,"column":4}},"10":{"start":{"line":18,"column":0},"end":{"line":27,"column":5}},"11":{"start":{"line":21,"column":4},"end":{"line":23,"column":30}},"12":{"start":{"line":25,"column":18},"end":{"line":25,"column":62}},"13":{"start":{"line":26,"column":4},"end":{"line":26,"column":27}},"14":{"start":{"line":29,"column":0},"end":{"line":33,"column":3}},"15":{"start":{"line":30,"column":2},"end":{"line":32,"column":3}},"16":{"start":{"line":31,"column":4},"end":{"line":31,"column":32}},"17":{"start":{"line":35,"column":0},"end":{"line":35,"column":25}},"18":{"start":{"line":36,"column":0},"end":{"line":36,"column":25}},"19":{"start":{"line":38,"column":0},"end":{"line":38,"column":20}}},"fnMap":{"0":{"name":"(anonymous_0)","decl":{"start":{"line":20,"column":10},"end":{"line":20,"column":11}},"loc":{"start":{"line":21,"column":4},"end":{"line":23,"column":30}},"line":21},"1":{"name":"(anonymous_1)","decl":{"start":{"line":24,"column":11},"end":{"line":24,"column":12}},"loc":{"start":{"line":24,"column":19},"end":{"line":27,"column":3}},"line":24},"2":{"name":"(anonymous_2)","decl":{"start":{"line":29,"column":24},"end":{"line":29,"column":25}},"loc":{"start":{"line":29,"column":37},"end":{"line":33,"column":1}},"line":29}},"branchMap":{"0":{"loc":{"start":{"line":5,"column":12},"end":{"line":5,"column":49}},"type":"binary-expr","locations":[{"start":{"line":5,"column":12},"end":{"line":5,"column":32}},{"start":{"line":5,"column":36},"end":{"line":5,"column":49}}],"line":5},"1":{"loc":{"start":{"line":10,"column":0},"end":{"line":16,"column":1}},"type":"if","locations":[{"start":{"line":10,"column":0},"end":{"line":16,"column":1}},{"start":{"line":10,"column":0},"end":{"line":16,"column":1}}],"line":10},"2":{"loc":{"start":{"line":21,"column":4},"end":{"line":23,"column":30}},"type":"binary-expr","locations":[{"start":{"line":21,"column":5},"end":{"line":21,"column":28}},{"start":{"line":22,"column":5},"end":{"line":22,"column":22}},{"start":{"line":23,"column":5},"end":{"line":23,"column":29}}],"line":21},"3":{"loc":{"start":{"line":30,"column":2},"end":{"line":32,"column":3}},"type":"if","locations":[{"start":{"line":30,"column":2},"end":{"line":32,"column":3}},{"start":{"line":30,"column":2},"end":{"line":32,"column":3}}],"line":30}},"s":{"0":1,"1":1,"2":1,"3":1,"4":1,"5":1,"6":1,"7":1,"8":0,"9":1,"10":1,"11":4,"12":3,"13":3,"14":1,"15":3,"16":2,"17":1,"18":1,"19":1},"f":{"0":4,"1":3,"2":3},"b":{"0":[1,0],"1":[0,1],"2":[4,4,3],"3":[2,1]},"_coverageSchema":"332fd63041d2c1bcb487cc26dd0d5f7d97098a6c","hash":"b9b200b54ebff2a47e225bae61c5bedfa20c3753","contentHash":"f18a1397a40e5ac18edf81a78ae641ed_11.3.0"},"C:\\Users\\iyke\\projects\\Andela II\\Events\\server\\models\\center.js":{"path":"C:\\Users\\iyke\\projects\\Andela II\\Events\\server\\models\\center.js","statementMap":{"0":{"start":{"line":1,"column":0},"end":{"line":72,"column":2}},"1":{"start":{"line":2,"column":17},"end":{"line":62,"column":4}},"2":{"start":{"line":64,"column":2},"end":{"line":69,"column":4}},"3":{"start":{"line":65,"column":4},"end":{"line":68,"column":7}},"4":{"start":{"line":71,"column":2},"end":{"line":71,"column":16}}},"fnMap":{"0":{"name":"(anonymous_0)","decl":{"start":{"line":1,"column":17},"end":{"line":1,"column":18}},"loc":{"start":{"line":1,"column":43},"end":{"line":72,"column":1}},"line":1},"1":{"name":"(anonymous_1)","decl":{"start":{"line":64,"column":21},"end":{"line":64,"column":22}},"loc":{"start":{"line":64,"column":33},"end":{"line":69,"column":3}},"line":64}},"branchMap":{},"s":{"0":1,"1":1,"2":1,"3":1,"4":1},"f":{"0":1,"1":1},"b":{},"_coverageSchema":"332fd63041d2c1bcb487cc26dd0d5f7d97098a6c","hash":"a8813b9363981b4c9f3f819de1b5a1b3506ba23c","contentHash":"aa9857b73e52710d90aaf3d6ab3fbe39_11.3.0"},"C:\\Users\\iyke\\projects\\Andela II\\Events\\server\\models\\event.js":{"path":"C:\\Users\\iyke\\projects\\Andela II\\Events\\server\\models\\event.js","statementMap":{"0":{"start":{"line":1,"column":0},"end":{"line":78,"column":2}},"1":{"start":{"line":2,"column":17},"end":{"line":67,"column":4}},"2":{"start":{"line":69,"column":2},"end":{"line":74,"column":4}},"3":{"start":{"line":70,"column":4},"end":{"line":73,"column":7}},"4":{"start":{"line":77,"column":2},"end":{"line":77,"column":16}}},"fnMap":{"0":{"name":"(anonymous_0)","decl":{"start":{"line":1,"column":17},"end":{"line":1,"column":18}},"loc":{"start":{"line":1,"column":43},"end":{"line":78,"column":1}},"line":1},"1":{"name":"(anonymous_1)","decl":{"start":{"line":69,"column":21},"end":{"line":69,"column":22}},"loc":{"start":{"line":69,"column":33},"end":{"line":74,"column":3}},"line":69}},"branchMap":{},"s":{"0":1,"1":1,"2":1,"3":1,"4":1},"f":{"0":1,"1":1},"b":{},"_coverageSchema":"332fd63041d2c1bcb487cc26dd0d5f7d97098a6c","hash":"437399eeeeacac41d999754c166c941a2ad630b7","contentHash":"0ed6c58181f4fd36f34bca6d64096ecd_11.3.0"},"C:\\Users\\iyke\\projects\\Andela II\\Events\\server\\models\\user.js":{"path":"C:\\Users\\iyke\\projects\\Andela II\\Events\\server\\models\\user.js","statementMap":{"0":{"start":{"line":2,"column":0},"end":{"line":59,"column":2}},"1":{"start":{"line":3,"column":15},"end":{"line":56,"column":4}},"2":{"start":{"line":58,"column":2},"end":{"line":58,"column":14}}},"fnMap":{"0":{"name":"(anonymous_0)","decl":{"start":{"line":2,"column":17},"end":{"line":2,"column":18}},"loc":{"start":{"line":2,"column":43},"end":{"line":59,"column":1}},"line":2}},"branchMap":{},"s":{"0":1,"1":1,"2":1},"f":{"0":1},"b":{},"_coverageSchema":"332fd63041d2c1bcb487cc26dd0d5f7d97098a6c","hash":"7b19530e38a165042d4dc3a418d3e57d9e658800","contentHash":"04c9638749b14cc56c4defc3036aeaff_11.3.0"},"C:\\Users\\iyke\\projects\\Andela II\\Events\\server\\controllers\\user\\signin.js":{"path":"C:\\Users\\iyke\\projects\\Andela II\\Events\\server\\controllers\\user\\signin.js","statementMap":{"0":{"start":{"line":5,"column":15},"end":{"line":60,"column":1}},"1":{"start":{"line":6,"column":2},"end":{"line":10,"column":3}},"2":{"start":{"line":7,"column":4},"end":{"line":9,"column":7}},"3":{"start":{"line":11,"column":2},"end":{"line":15,"column":3}},"4":{"start":{"line":12,"column":4},"end":{"line":14,"column":7}},"5":{"start":{"line":16,"column":2},"end":{"line":56,"column":7}},"6":{"start":{"line":22,"column":6},"end":{"line":26,"column":7}},"7":{"start":{"line":23,"column":8},"end":{"line":25,"column":11}},"8":{"start":{"line":27,"column":6},"end":{"line":31,"column":7}},"9":{"start":{"line":28,"column":8},"end":{"line":30,"column":11}},"10":{"start":{"line":32,"column":6},"end":{"line":55,"column":7}},"11":{"start":{"line":33,"column":8},"end":{"line":46,"column":12}},"12":{"start":{"line":37,"column":24},"end":{"line":37,"column":78}},"13":{"start":{"line":38,"column":10},"end":{"line":42,"column":13}},"14":{"start":{"line":44,"column":24},"end":{"line":46,"column":10}},"15":{"start":{"line":49,"column":22},"end":{"line":49,"column":72}},"16":{"start":{"line":50,"column":8},"end":{"line":54,"column":11}}},"fnMap":{"0":{"name":"(anonymous_0)","decl":{"start":{"line":5,"column":15},"end":{"line":5,"column":16}},"loc":{"start":{"line":5,"column":29},"end":{"line":60,"column":1}},"line":5},"1":{"name":"(anonymous_1)","decl":{"start":{"line":21,"column":10},"end":{"line":21,"column":11}},"loc":{"start":{"line":21,"column":20},"end":{"line":56,"column":5}},"line":21},"2":{"name":"(anonymous_2)","decl":{"start":{"line":36,"column":14},"end":{"line":36,"column":15}},"loc":{"start":{"line":36,"column":29},"end":{"line":43,"column":9}},"line":36},"3":{"name":"(anonymous_3)","decl":{"start":{"line":44,"column":15},"end":{"line":44,"column":16}},"loc":{"start":{"line":44,"column":24},"end":{"line":46,"column":10}},"line":44}},"branchMap":{"0":{"loc":{"start":{"line":6,"column":2},"end":{"line":10,"column":3}},"type":"if","locations":[{"start":{"line":6,"column":2},"end":{"line":10,"column":3}},{"start":{"line":6,"column":2},"end":{"line":10,"column":3}}],"line":6},"1":{"loc":{"start":{"line":11,"column":2},"end":{"line":15,"column":3}},"type":"if","locations":[{"start":{"line":11,"column":2},"end":{"line":15,"column":3}},{"start":{"line":11,"column":2},"end":{"line":15,"column":3}}],"line":11},"2":{"loc":{"start":{"line":22,"column":6},"end":{"line":26,"column":7}},"type":"if","locations":[{"start":{"line":22,"column":6},"end":{"line":26,"column":7}},{"start":{"line":22,"column":6},"end":{"line":26,"column":7}}],"line":22},"3":{"loc":{"start":{"line":27,"column":6},"end":{"line":31,"column":7}},"type":"if","locations":[{"start":{"line":27,"column":6},"end":{"line":31,"column":7}},{"start":{"line":27,"column":6},"end":{"line":31,"column":7}}],"line":27},"4":{"loc":{"start":{"line":32,"column":6},"end":{"line":55,"column":7}},"type":"if","locations":[{"start":{"line":32,"column":6},"end":{"line":55,"column":7}},{"start":{"line":32,"column":6},"end":{"line":55,"column":7}}],"line":32}},"s":{"0":1,"1":6,"2":1,"3":5,"4":1,"5":4,"6":4,"7":1,"8":3,"9":1,"10":2,"11":1,"12":1,"13":1,"14":0,"15":1,"16":1},"f":{"0":6,"1":4,"2":1,"3":0},"b":{"0":[1,5],"1":[1,4],"2":[1,3],"3":[1,2],"4":[1,1]},"_coverageSchema":"332fd63041d2c1bcb487cc26dd0d5f7d97098a6c","hash":"56372bc9a61338447e590147ba15e4661e13e6f9","contentHash":"f7233f7ac3ff8ec2bb823f12c8478947_11.3.0"},"C:\\Users\\iyke\\projects\\Andela II\\Events\\server\\routes\\adminRouter.js":{"path":"C:\\Users\\iyke\\projects\\Andela II\\Events\\server\\routes\\adminRouter.js","statementMap":{"0":{"start":{"line":5,"column":15},"end":{"line":5,"column":31}},"1":{"start":{"line":7,"column":0},"end":{"line":7,"column":50}},"2":{"start":{"line":9,"column":0},"end":{"line":9,"column":44}},"3":{"start":{"line":11,"column":0},"end":{"line":22,"column":3}},"4":{"start":{"line":12,"column":16},"end":{"line":12,"column":49}},"5":{"start":{"line":13,"column":2},"end":{"line":21,"column":5}},"6":{"start":{"line":14,"column":4},"end":{"line":19,"column":5}},"7":{"start":{"line":15,"column":6},"end":{"line":18,"column":9}},"8":{"start":{"line":20,"column":4},"end":{"line":20,"column":11}},"9":{"start":{"line":24,"column":0},"end":{"line":24,"column":44}},"10":{"start":{"line":26,"column":0},"end":{"line":26,"column":49}}},"fnMap":{"0":{"name":"(anonymous_0)","decl":{"start":{"line":11,"column":16},"end":{"line":11,"column":17}},"loc":{"start":{"line":11,"column":36},"end":{"line":22,"column":1}},"line":11},"1":{"name":"(anonymous_1)","decl":{"start":{"line":13,"column":30},"end":{"line":13,"column":31}},"loc":{"start":{"line":13,"column":48},"end":{"line":21,"column":3}},"line":13}},"branchMap":{"0":{"loc":{"start":{"line":12,"column":16},"end":{"line":12,"column":49}},"type":"binary-expr","locations":[{"start":{"line":12,"column":16},"end":{"line":12,"column":30}},{"start":{"line":12,"column":34},"end":{"line":12,"column":49}}],"line":12},"1":{"loc":{"start":{"line":14,"column":4},"end":{"line":19,"column":5}},"type":"if","locations":[{"start":{"line":14,"column":4},"end":{"line":19,"column":5}},{"start":{"line":14,"column":4},"end":{"line":19,"column":5}}],"line":14},"2":{"loc":{"start":{"line":14,"column":8},"end":{"line":14,"column":41}},"type":"binary-expr","locations":[{"start":{"line":14,"column":8},"end":{"line":14,"column":11}},{"start":{"line":14,"column":15},"end":{"line":14,"column":41}}],"line":14}},"s":{"0":1,"1":1,"2":1,"3":1,"4":13,"5":13,"6":13,"7":4,"8":9,"9":1,"10":1},"f":{"0":13,"1":13},"b":{"0":[13,13],"1":[4,9],"2":[13,11]},"_coverageSchema":"332fd63041d2c1bcb487cc26dd0d5f7d97098a6c","hash":"c4e698b872f11607bda03ef8d7a7fddc4c7a7dbb","contentHash":"36b2812b86d6e846fd77f2fd3b88a9eb_11.3.0"},"C:\\Users\\iyke\\projects\\Andela II\\Events\\server\\controllers\\centers\\index.js":{"path":"C:\\Users\\iyke\\projects\\Andela II\\Events\\server\\controllers\\centers\\index.js","statementMap":{"0":{"start":{"line":6,"column":24},"end":{"line":11,"column":1}}},"fnMap":{},"branchMap":{},"s":{"0":1},"f":{},"b":{},"_coverageSchema":"332fd63041d2c1bcb487cc26dd0d5f7d97098a6c","hash":"241f6692e454ecfbd3d59a5c05eba76dc6b9e6e0","contentHash":"9879605a104dc4c9ac659f96664f56fd_11.3.0"},"C:\\Users\\iyke\\projects\\Andela II\\Events\\server\\controllers\\centers\\add-center.js":{"path":"C:\\Users\\iyke\\projects\\Andela II\\Events\\server\\controllers\\centers\\add-center.js","statementMap":{"0":{"start":{"line":3,"column":18},"end":{"line":20,"column":1}},"1":{"start":{"line":4,"column":2},"end":{"line":19,"column":8}},"2":{"start":{"line":12,"column":22},"end":{"line":16,"column":6}},"3":{"start":{"line":17,"column":22},"end":{"line":19,"column":6}}},"fnMap":{"0":{"name":"(anonymous_0)","decl":{"start":{"line":3,"column":18},"end":{"line":3,"column":19}},"loc":{"start":{"line":3,"column":32},"end":{"line":20,"column":1}},"line":3},"1":{"name":"(anonymous_1)","decl":{"start":{"line":12,"column":10},"end":{"line":12,"column":11}},"loc":{"start":{"line":12,"column":22},"end":{"line":16,"column":6}},"line":12},"2":{"name":"(anonymous_2)","decl":{"start":{"line":17,"column":11},"end":{"line":17,"column":12}},"loc":{"start":{"line":17,"column":22},"end":{"line":19,"column":6}},"line":17}},"branchMap":{},"s":{"0":1,"1":5,"2":1,"3":4},"f":{"0":5,"1":1,"2":4},"b":{},"_coverageSchema":"332fd63041d2c1bcb487cc26dd0d5f7d97098a6c","hash":"1b099589d993a8cabbba9107e92bf38dd2a1130d","contentHash":"1d6b6a70ce9760e008f437b495403c80_11.3.0"},"C:\\Users\\iyke\\projects\\Andela II\\Events\\server\\controllers\\centers\\update.js":{"path":"C:\\Users\\iyke\\projects\\Andela II\\Events\\server\\controllers\\centers\\update.js","statementMap":{"0":{"start":{"line":3,"column":21},"end":{"line":33,"column":1}},"1":{"start":{"line":4,"column":2},"end":{"line":32,"column":49}},"2":{"start":{"line":6,"column":4},"end":{"line":10,"column":5}},"3":{"start":{"line":7,"column":6},"end":{"line":9,"column":9}},"4":{"start":{"line":11,"column":4},"end":{"line":30,"column":10}},"5":{"start":{"line":22,"column":8},"end":{"line":26,"column":10}},"6":{"start":{"line":28,"column":22},"end":{"line":30,"column":8}},"7":{"start":{"line":32,"column":20},"end":{"line":32,"column":47}}},"fnMap":{"0":{"name":"(anonymous_0)","decl":{"start":{"line":3,"column":21},"end":{"line":3,"column":22}},"loc":{"start":{"line":3,"column":35},"end":{"line":33,"column":1}},"line":3},"1":{"name":"(anonymous_1)","decl":{"start":{"line":5,"column":8},"end":{"line":5,"column":9}},"loc":{"start":{"line":5,"column":20},"end":{"line":31,"column":3}},"line":5},"2":{"name":"(anonymous_2)","decl":{"start":{"line":21,"column":12},"end":{"line":21,"column":13}},"loc":{"start":{"line":22,"column":8},"end":{"line":26,"column":10}},"line":22},"3":{"name":"(anonymous_3)","decl":{"start":{"line":28,"column":13},"end":{"line":28,"column":14}},"loc":{"start":{"line":28,"column":22},"end":{"line":30,"column":8}},"line":28},"4":{"name":"(anonymous_4)","decl":{"start":{"line":32,"column":11},"end":{"line":32,"column":12}},"loc":{"start":{"line":32,"column":20},"end":{"line":32,"column":47}},"line":32}},"branchMap":{"0":{"loc":{"start":{"line":6,"column":4},"end":{"line":10,"column":5}},"type":"if","locations":[{"start":{"line":6,"column":4},"end":{"line":10,"column":5}},{"start":{"line":6,"column":4},"end":{"line":10,"column":5}}],"line":6},"1":{"loc":{"start":{"line":13,"column":14},"end":{"line":13,"column":42}},"type":"binary-expr","locations":[{"start":{"line":13,"column":14},"end":{"line":13,"column":27}},{"start":{"line":13,"column":31},"end":{"line":13,"column":42}}],"line":13},"2":{"loc":{"start":{"line":14,"column":15},"end":{"line":14,"column":45}},"type":"binary-e
[...]
,"end":{"line":5,"column":50}},"type":"binary-expr","locations":[{"start":{"line":5,"column":6},"end":{"line":5,"column":24}},{"start":{"line":5,"column":28},"end":{"line":5,"column":50}}],"line":5},"2":{"loc":{"start":{"line":19,"column":6},"end":{"line":28,"column":7}},"type":"if","locations":[{"start":{"line":19,"column":6},"end":{"line":28,"column":7}},{"start":{"line":19,"column":6},"end":{"line":28,"column":7}}],"line":19}},"s":{"0":1,"1":3,"2":3,"3":2,"4":2,"5":1,"6":1,"7":1,"8":1,"9":0},"f":{"0":3,"1":2,"2":1,"3":0},"b":{"0":[2,1],"1":[3,1],"2":[1,1]},"_coverageSchema":"332fd63041d2c1bcb487cc26dd0d5f7d97098a6c","hash":"32cd63e07b57db4692e055d489857cbacaf001ad","contentHash":"1d4bd4649200086f168eb3d35220af55_11.3.0"},"C:\\Users\\iyke\\projects\\Andela II\\Events\\server\\routes\\eventRouter.js":{"path":"C:\\Users\\iyke\\projects\\Andela II\\Events\\server\\routes\\eventRouter.js","statementMap":{"0":{"start":{"line":5,"column":15},"end":{"line":5,"column":31}},"1":{"start":{"line":7,"column":0},"end":{"line":18,"column":3}},"2":{"start":{"line":8,"column":16},"end":{"line":8,"column":49}},"3":{"start":{"line":9,"column":2},"end":{"line":17,"column":5}},"4":{"start":{"line":10,"column":4},"end":{"line":15,"column":5}},"5":{"start":{"line":11,"column":6},"end":{"line":14,"column":9}},"6":{"start":{"line":16,"column":4},"end":{"line":16,"column":11}},"7":{"start":{"line":20,"column":0},"end":{"line":20,"column":44}},"8":{"start":{"line":22,"column":0},"end":{"line":22,"column":51}},"9":{"start":{"line":24,"column":0},"end":{"line":24,"column":48}}},"fnMap":{"0":{"name":"(anonymous_0)","decl":{"start":{"line":7,"column":16},"end":{"line":7,"column":17}},"loc":{"start":{"line":7,"column":36},"end":{"line":18,"column":1}},"line":7},"1":{"name":"(anonymous_1)","decl":{"start":{"line":9,"column":30},"end":{"line":9,"column":31}},"loc":{"start":{"line":9,"column":48},"end":{"line":17,"column":3}},"line":9}},"branchMap":{"0":{"loc":{"start":{"line":8,"column":16},"end":{"line":8,"column":49}},"type":"binary-expr","locations":[{"start":{"line":8,"column":16},"end":{"line":8,"column":30}},{"start":{"line":8,"column":34},"end":{"line":8,"column":49}}],"line":8},"1":{"loc":{"start":{"line":10,"column":4},"end":{"line":15,"column":5}},"type":"if","locations":[{"start":{"line":10,"column":4},"end":{"line":15,"column":5}},{"start":{"line":10,"column":4},"end":{"line":15,"column":5}}],"line":10}},"s":{"0":1,"1":1,"2":23,"3":23,"4":23,"5":3,"6":20,"7":1,"8":1,"9":1},"f":{"0":23,"1":23},"b":{"0":[23,23],"1":[3,20]},"_coverageSchema":"332fd63041d2c1bcb487cc26dd0d5f7d97098a6c","hash":"06ac9e4baad7fef81d1ee9a8e32911bccc0c5e9b","contentHash":"99ed1c87db823a02fe869c73cd577cf6_11.3.0"},"C:\\Users\\iyke\\projects\\Andela II\\Events\\server\\controllers\\events\\indexx.js":{"path":"C:\\Users\\iyke\\projects\\Andela II\\Events\\server\\controllers\\events\\indexx.js","statementMap":{"0":{"start":{"line":5,"column":24},"end":{"line":9,"column":1}}},"fnMap":{},"branchMap":{},"s":{"0":1},"f":{},"b":{},"_coverageSchema":"332fd63041d2c1bcb487cc26dd0d5f7d97098a6c","hash":"52f70ff43cb7987d73fa0c9d254ba244b9291b8a","contentHash":"7b29405437b4ccf438c7fae12a3f31ea_11.3.0"},"C:\\Users\\iyke\\projects\\Andela II\\Events\\server\\controllers\\events\\add-events.js":{"path":"C:\\Users\\iyke\\projects\\Andela II\\Events\\server\\controllers\\events\\add-events.js","statementMap":{"0":{"start":{"line":5,"column":12},"end":{"line":5,"column":14}},"1":{"start":{"line":6,"column":18},"end":{"line":57,"column":1}},"2":{"start":{"line":7,"column":52},"end":{"line":7,"column":60}},"3":{"start":{"line":8,"column":16},"end":{"line":8,"column":52}},"4":{"start":{"line":9,"column":18},"end":{"line":9,"column":63}},"5":{"start":{"line":10,"column":2},"end":{"line":14,"column":3}},"6":{"start":{"line":11,"column":4},"end":{"line":11,"column":28}},"7":{"start":{"line":13,"column":4},"end":{"line":13,"column":33}},"8":{"start":{"line":15,"column":2},"end":{"line":56,"column":6}},"9":{"start":{"line":17,"column":4},"end":{"line":21,"column":5}},"10":{"start":{"line":18,"column":6},"end":{"line":20,"column":9}},"11":{"start":{"line":22,"column":4},"end":{"line":49,"column":7}},"12":{"start":{"line":24,"column":6},"end":{"line":48,"column":7}},"13":{"start":{"line":25,"column":8},"end":{"line":28,"column":11}},"14":{"start":{"line":30,"column":8},"end":{"line":34,"column":9}},"15":{"start":{"line":31,"column":10},"end":{"line":33,"column":13}},"16":{"start":{"line":35,"column":8},"end":{"line":47,"column":14}},"17":{"start":{"line":40,"column":12},"end":{"line":44,"column":15}},"18":{"start":{"line":45,"column":28},"end":{"line":47,"column":12}},"19":{"start":{"line":54,"column":16},"end":{"line":56,"column":4}}},"fnMap":{"0":{"name":"(anonymous_0)","decl":{"start":{"line":6,"column":18},"end":{"line":6,"column":19}},"loc":{"start":{"line":6,"column":32},"end":{"line":57,"column":1}},"line":6},"1":{"name":"(anonymous_1)","decl":{"start":{"line":16,"column":8},"end":{"line":16,"column":9}},"loc":{"start":{"line":16,"column":20},"end":{"line":53,"column":3}},"line":16},"2":{"name":"(anonymous_2)","decl":{"start":{"line":23,"column":10},"end":{"line":23,"column":11}},"loc":{"start":{"line":23,"column":21},"end":{"line":49,"column":5}},"line":23},"3":{"name":"(anonymous_3)","decl":{"start":{"line":39,"column":16},"end":{"line":39,"column":17}},"loc":{"start":{"line":39,"column":27},"end":{"line":44,"column":17}},"line":39},"4":{"name":"(anonymous_4)","decl":{"start":{"line":45,"column":17},"end":{"line":45,"column":18}},"loc":{"start":{"line":45,"column":28},"end":{"line":47,"column":12}},"line":45},"5":{"name":"(anonymous_5)","decl":{"start":{"line":54,"column":9},"end":{"line":54,"column":10}},"loc":{"start":{"line":54,"column":16},"end":{"line":56,"column":4}},"line":54}},"branchMap":{"0":{"loc":{"start":{"line":9,"column":29},"end":{"line":9,"column":62}},"type":"binary-expr","locations":[{"start":{"line":9,"column":29},"end":{"line":9,"column":43}},{"start":{"line":9,"column":47},"end":{"line":9,"column":62}}],"line":9},"1":{"loc":{"start":{"line":10,"column":2},"end":{"line":14,"column":3}},"type":"if","locations":[{"start":{"line":10,"column":2},"end":{"line":14,"column":3}},{"start":{"line":10,"column":2},"end":{"line":14,"column":3}}],"line":10},"2":{"loc":{"start":{"line":17,"column":4},"end":{"line":21,"column":5}},"type":"if","locations":[{"start":{"line":17,"column":4},"end":{"line":21,"column":5}},{"start":{"line":17,"column":4},"end":{"line":21,"column":5}}],"line":17},"3":{"loc":{"start":{"line":24,"column":6},"end":{"line":48,"column":7}},"type":"if","locations":[{"start":{"line":24,"column":6},"end":{"line":48,"column":7}},{"start":{"line":24,"column":6},"end":{"line":48,"column":7}}],"line":24},"4":{"loc":{"start":{"line":30,"column":8},"end":{"line":34,"column":9}},"type":"if","locations":[{"start":{"line":30,"column":8},"end":{"line":34,"column":9}},{"start":{"line":30,"column":8},"end":{"line":34,"column":9}}],"line":30}},"s":{"0":1,"1":1,"2":8,"3":8,"4":8,"5":8,"6":4,"7":4,"8":8,"9":8,"10":1,"11":8,"12":7,"13":1,"14":6,"15":1,"16":5,"17":3,"18":2,"19":1},"f":{"0":8,"1":8,"2":7,"3":3,"4":2,"5":1},"b":{"0":[8,8],"1":[4,4],"2":[1,7],"3":[1,6],"4":[1,5]},"_coverageSchema":"332fd63041d2c1bcb487cc26dd0d5f7d97098a6c","hash":"12c478a2f61c50d15be7f792e11502d4b0ebf8b2","contentHash":"934e6c78da3c89a2453b3c39694244ef_11.3.0"},"C:\\Users\\iyke\\projects\\Andela II\\Events\\server\\controllers\\events\\delete.js":{"path":"C:\\Users\\iyke\\projects\\Andela II\\Events\\server\\controllers\\events\\delete.js","statementMap":{"0":{"start":{"line":5,"column":20},"end":{"line":61,"column":1}},"1":{"start":{"line":6,"column":18},"end":{"line":6,"column":63}},"2":{"start":{"line":7,"column":2},"end":{"line":60,"column":60}},"3":{"start":{"line":9,"column":6},"end":{"line":13,"column":7}},"4":{"start":{"line":10,"column":8},"end":{"line":12,"column":11}},"5":{"start":{"line":15,"column":6},"end":{"line":58,"column":7}},"6":{"start":{"line":16,"column":8},"end":{"line":44,"column":11}},"7":{"start":{"line":18,"column":10},"end":{"line":43,"column":13}},"8":{"start":{"line":20,"column":32},"end":{"line":26,"column":14}},"9":{"start":{"line":27,"column":32},"end":{"line":32,"column":13}},"10":{"start":{"line":33,"column":12},"end":{"line":39,"column":15}},"11":{"start":{"line":34,"column":14},"end":{"line":38,"column":15}},"12":{"start":{"line":35,"column":16},"end":{"line":35,"column":49}},"13":{"start":{"line":37,"column":16},"end":{"line":37,"column":62}},"14":{"start":{"line":40,"column":12},"end":{"line":42,"column":15}},"15":{"start":{"line":47,"column":8},"end":{"line":51,"column":9}},"16":{"start":{"line":48,"column":10},"end":{"line":50,"column":13}},"17":{"start":{"line":52,"column":8},"end":{"line":57,"column":14}},"18":{"start":{"line":54,"column":22},"end":{"line":57,"column":12}},"19":{"start":{"line":60,"column":20},"end":{"line":60,"column":58}}},"fnMap":{"0":{"name":"(anonymous_0)","decl":{"start":{"line":5,"column":20},"end":{"line":5,"column":21}},"loc":{"start":{"line":5,"column":34},"end":{"line":61,"column":1}},"line":5},"1":{"name":"(anonymous_1)","decl":{"start":{"line":8,"column":10},"end":{"line":8,"column":11}},"loc":{"start":{"line":8,"column":21},"end":{"line":59,"column":5}},"line":8},"2":{"name":"(anonymous_2)","decl":{"start":{"line":17,"column":14},"end":{"line":17,"column":15}},"loc":{"start":{"line":17,"column":20},"end":{"line":44,"column":9}},"line":17},"3":{"name":"(anonymous_3)","decl":{"start":{"line":19,"column":16},"end":{"line":19,"column":17}},"loc":{"start":{"line":19,"column":26},"end":{"line":43,"column":11}},"line":19},"4":{"name":"(anonymous_4)","decl":{"start":{"line":33,"column":46},"end":{"line":33,"column":47}},"loc":{"start":{"line":33,"column":61},"end":{"line":39,"column":13}},"line":33},"5":{"name":"(anonymous_5)","decl":{"start":{"line":54,"column":16},"end":{"line":54,"column":17}},"loc":{"start":{"line":54,"column":22},"end":{"line":57,"column":12}},"line":54},"6":{"name":"(anonymous_6)","decl":{"start":{"line":60,"column":11},"end":{"line":60,"column":12}},"loc":{"start":{"line":60,"column":20},"end":{"line":60,"column":58}},"line":60}},"branchMap":{"0":{"loc":{"start":{"line":6,"column":29},"end":{"line":6,"column":62}},"type":"binary-expr","locations":[{"start":{"line":6,"column":29},"end":{"line":6,"column":43}},{"start":{"line":6,"column":47},"end":{"line":6,"column":62}}],"line":6},"1":{"loc":{"start":{"line":9,"column":6},"end":{"line":13,"column":7}},"type":"if","locations":[{"start":{"line":9,"column":6},"end":{"line":13,"column":7}},{"start":{"line":9,"column":6},"end":{"line":13,"column":7}}],"line":9},"2":{"loc":{"start":{"line":15,"column":6},"end":{"line":58,"column":7}},"type":"if","locations":[{"start":{"line":15,"column":6},"end":{"line":58,"column":7}},{"start":{"line":15,"column":6},"end":{"line":58,"column":7}}],"line":15},"3":{"loc":{"start":{"line":34,"column":14},"end":{"line":38,"column":15}},"type":"if","locations":[{"start":{"line":34,"column":14},"end":{"line":38,"column":15}},{"start":{"line":34,"column":14},"end":{"line":38,"column":15}}],"line":34},"4":{"loc":{"start":{"line":47,"column":8},"end":{"line":51,"column":9}},"type":"if","locations":[{"start":{"line":47,"column":8},"end":{"line":51,"column":9}},{"start":{"line":47,"column":8},"end":{"line":51,"column":9}}],"line":47}},"s":{"0":1,"1":4,"2":4,"3":4,"4":1,"5":3,"6":1,"7":1,"8":1,"9":1,"10":1,"11":0,"12":0,"13":0,"14":1,"15":2,"16":1,"17":1,"18":1,"19":0},"f":{"0":4,"1":4,"2":1,"3":1,"4":0,"5":1,"6":0},"b":{"0":[4,4],"1":[1,3],"2":[1,2],"3":[0,0],"4":[1,1]},"_coverageSchema":"332fd63041d2c1bcb487cc26dd0d5f7d97098a6c","hash":"285a4d3aea5c04980d7a6da0d63264af9dfaccf0","contentHash":"69f5bc9cae780a4330b9296bfa514b7b_11.3.0"},"C:\\Users\\iyke\\projects\\Andela II\\Events\\server\\controllers\\events\\update.js":{"path":"C:\\Users\\iyke\\projects\\Andela II\\Events\\server\\controllers\\events\\update.js","statementMap":{"0":{"start":{"line":4,"column":20},"end":{"line":90,"column":1}},"1":{"start":{"line":5,"column":18},"end":{"line":5,"column":63}},"2":{"start":{"line":6,"column":25},"end":{"line":6,"column":33}},"3":{"start":{"line":8,"column":2},"end":{"line":89,"column":60}},"4":{"start":{"line":10,"column":4},"end":{"line":14,"column":5}},"5":{"start":{"line":11,"column":6},"end":{"line":13,"column":9}},"6":{"start":{"line":15,"column":4},"end":{"line":87,"column":5}},"7":{"start":{"line":16,"column":6},"end":{"line":20,"column":7}},"8":{"start":{"line":17,"column":8},"end":{"line":19,"column":11}},"9":{"start":{"line":21,"column":6},"end":{"line":50,"column":9}},"10":{"start":{"line":23,"column":8},"end":{"line":49,"column":9}},"11":{"start":{"line":24,"column":10},"end":{"line":27,"column":13}},"12":{"start":{"line":29,"column":10},"end":{"line":48,"column":16}},"13":{"start":{"line":40,"column":14},"end":{"line":44,"column":16}},"14":{"start":{"line":46,"column":28},"end":{"line":48,"column":14}},"15":{"start":{"line":52,"column":6},"end":{"line":56,"column":7}},"16":{"start":{"line":53,"column":8},"end":{"line":55,"column":11}},"17":{"start":{"line":57,"column":6},"end":{"line":86,"column":9}},"18":{"start":{"line":59,"column":8},"end":{"line":85,"column":9}},"19":{"start":{"line":60,"column":10},"end":{"line":63,"column":13}},"20":{"start":{"line":65,"column":10},"end":{"line":84,"column":16}},"21":{"start":{"line":76,"column":14},"end":{"line":80,"column":16}},"22":{"start":{"line":82,"column":28},"end":{"line":84,"column":14}},"23":{"start":{"line":89,"column":20},"end":{"line":89,"column":58}}},"fnMap":{"0":{"name":"(anonymous_0)","decl":{"start":{"line":4,"column":20},"end":{"line":4,"column":21}},"loc":{"start":{"line":4,"column":34},"end":{"line":90,"column":1}},"line":4},"1":{"name":"(anonymous_1)","decl":{"start":{"line":9,"column":8},"end":{"line":9,"column":9}},"loc":{"start":{"line":9,"column":19},"end":{"line":88,"column":3}},"line":9},"2":{"name":"(anonymous_2)","decl":{"start":{"line":22,"column":12},"end":{"line":22,"column":13}},"loc":{"start":{"line":22,"column":23},"end":{"line":50,"column":7}},"line":22},"3":{"name":"(anonymous_3)","decl":{"start":{"line":39,"column":18},"end":{"line":39,"column":19}},"loc":{"start":{"line":40,"column":14},"end":{"line":44,"column":16}},"line":40},"4":{"name":"(anonymous_4)","decl":{"start":{"line":46,"column":19},"end":{"line":46,"column":20}},"loc":{"start":{"line":46,"column":28},"end":{"line":48,"column":14}},"line":46},"5":{"name":"(anonymous_5)","decl":{"start":{"line":58,"column":12},"end":{"line":58,"column":13}},"loc":{"start":{"line":58,"column":23},"end":{"line":86,"column":7}},"line":58},"6":{"name":"(anonymous_6)","decl":{"start":{"line":75,"column":18},"end":{"line":75,"column":19}},"loc":{"start":{"line":76,"column":14},"end":{"line":80,"column":16}},"line":76},"7":{"name":"(anonymous_7)","decl":{"start":{"line":82,"column":19},"end":{"line":82,"column":20}},"loc":{"start":{"line":82,"column":28},"end":{"line":84,"column":14}},"line":82},"8":{"name":"(anonymous_8)","decl":{"start":{"line":89,"column":11},"end":{"line":89,"column":12}},"loc":{"start":{"line":89,"column":20},"end":{"line":89,"column":58}},"line":89}},"branchMap":{"0":{"loc":{"start":{"line":5,"column":29},"end":{"line":5,"column":62}},"type":"binary-expr","locations":[{"start":{"line":5,"column":29},"end":{"line":5,"column":43}},{"start":{"line":5,"column":47},"end":{"line":5,"column":62}}],"line":5},"1":{"loc":{"start":{"line":10,"column":4},"end":{"line":14,"column":5}},"type":"if","locations":[{"start":{"line":10,"column":4},"end":{"line":14,"column":5}},{"start":{"line":10,"column":4},"end":{"line":14,"column":5}}],"line":10},"2":{"loc":{"start":{"line":15,"column":4},"end":{"line":87,"column":5}},"type":"if","locations":[{"start":{"line":15,"column":4},"end":{"line":87,"column":5}},{"start":{"line":15,"column":4},"end":{"line":87,"column":5}}],"line":15},"3":{"loc":{"start":{"line":16,"column":6},"end":{"line":20,"column":7}},"type":"if","locations":[{"start":{"line":16,"column":6},"end":{"line":20,"column":7}},{"start":{"line":16,"column":6},"end":{"line":20,"column":7}}],"line":16},"4":{"loc":{"start":{"line":23,"column":8},"end":{"line":49,"column":9}},"type":"if","locations":[{"start":{"line":23,"column":8},"end":{"line":49,"column":9}},{"start":{"line":23,"column":8},"end":{"line":49,"column":9}}],"line":23},"5":{"loc":{"start":{"line":31,"column":21},"end":{"line":31,"column":50}},"type":"binary-expr","locations":[{"start":{"line":31,"column":21},"end":{"line":31,"column":35}},{"start":{"line":31,"column":39},"end":{"line":31,"column":50}}],"line":31},"6":{"loc":{"start":{"line":32,"column":20},"end":{"line":32,"column":47}},"type":"binary-expr","locations":[{"start":{"line":32,"column":20},"end":{"line":32,"column":33}},{"start":{"line":32,"column":37},"end":{"line":32,"column":47}}],"line":32},"7":{"loc":{"start":{"line":33,"column":22},"end":{"line":33,"column":53}},"type":"binary-expr","locations":[{"start":{"line":33,"column":22},"end":{"line":33,"column":37}},{"start":{"line":33,"column":41},"end":{"line":33,"column":53}}],"line":33},"8":{"loc":{"start":{"line":34,"column":20},"end":{"line":34,"column":38}},"type":"binary-expr","locations":[{"start":{"line":34,"column":20},"end":{"line":34,"column":24}},{"start":{"line":34,"column":28},"end":{"line":34,"column":38}}],"line":34},"9":{"loc":{"start":{"line":35,"column":20},"end":{"line":35,"column":47}},"type":"binary-expr","locations":[{"start":{"line":35,"column":20},"end":{"line":35,"column":33}},{"start":{"line":35,"column":37},"end":{"line":35,"column":47}}],"line":35},"10":{"loc":{"start":{"line":52,"column":6},"end":{"line":56,"column":7}},"type":"if","locations":[{"start":{"line":52,"column":6},"end":{"line":56,"column":7}},{"start":{"line":52,"column":6},"end":{"line":56,"column":7}}],"line":52},"11":{"loc":{"start":{"line":59,"column":8},"end":{"line":85,"column":9}},"type":"if","locations":[{"start":{"line":59,"column":8},"end":{"line":85,"column":9}},{"start":{"line":59,"column":8},"end":{"line":85,"column":9}}],"line":59},"12":{"loc":{"start":{"line":67,"column":21},"end":{"line":67,"column":50}},"type":"binary-expr","locations":[{"start":{"line":67,"column":21},"end":{"line":67,"column":35}},{"start":{"line":67,"column":39},"end":{"line":67,"column":50}}],"line":67},"13":{"loc":{"start":{"line":68,"column":20},"end":{"line":68,"column":47}},"type":"binary-expr","locations":[{"start":{"line":68,"column":20},"end":{"line":68,"column":33}},{"start":{"line":68,"column":37},"end":{"line":68,"column":47}}],"line":68},"14":{"loc":{"start":{"line":69,"column":22},"end":{"line":69,"column":53}},"type":"binary-expr","locations":[{"start":{"line":69,"column":22},"end":{"line":69,"column":37}},{"start":{"line":69,"column":41},"end":{"line":69,"column":53}}],"line":69},"15":{"loc":{"start":{"line":70,"column":20},"end":{"line":70,"column":38}},"type":"binary-expr","locations":[{"start":{"line":70,"column":20},"end":{"line":70,"column":24}},{"start":{"line":70,"column":28},"end":{"line":70,"column":38}}],"line":70},"16":{"loc":{"start":{"line":71,"column":20},"end":{"line":71,"column":47}},"type":"binary-expr","locations":[{"start":{"line":71,"column":20},"end":{"line":71,"column":33}},{"start":{"line":71,"column":37},"end":{"line":71,"column":47}}],"line":71}},"s":{"0":1,"1":8,"2":8,"3":8,"4":8,"5":1,"6":7,"7":3,"8":1,"9":2,"10":2,"11":1,"12":1,"13":1,"14":0,"15":4,"16":1,"17":3,"18":3,"19":1,"20":2,"21":1,"22":1,"23":0},"f":{"0":8,"1":8,"2":2,"3":1,"4":0,"5":3,"6":1,"7":1,"8":0},"b":{"0":[8,8],"1":[1,7],"2":[3,4],"3":[1,2],"4":[1,1],"5":[1,0],"6":[1,1],"7":[1,1],"8":[1,0],"9":[1,0],"10":[1,3],"11":[1,2],"12":[2,0],"13":[2,2],"14":[2,2],"15":[2,1],"16":[2,1]},"_coverageSchema":"332fd63041d2c1bcb487cc26dd0d5f7d97098a6c","hash":"66233f1cf8b9b1f50b197734cbe5fdfedbdf38c8","contentHash":"d323f511b88e0613857665ddbea93f3f_11.3.0"}}