TN:
SF:C:\Users\iyke\projects\Andela II\Events\server\app.js
FN:17,(anonymous_0)
FNF:1
FNH:0
FNDA:0,(anonymous_0)
DA:7,1
DA:10,1
DA:12,1
DA:14,1
DA:17,1
DA:21,1
DA:23,1
LF:7
LH:7
BRF:0
BRH:0
end_of_record
TN:
SF:C:\Users\iyke\projects\Andela II\Events\server\controllers\user\index.js
FNF:0
FNH:0
DA:4,1
LF:1
LH:1
BRF:0
BRH:0
end_of_record
TN:
SF:C:\Users\iyke\projects\Andela II\Events\server\controllers\user\signin.js
FN:5,(anonymous_0)
FN:21,(anonymous_1)
FN:36,(anonymous_2)
FN:44,(anonymous_3)
FN:57,(anonymous_4)
FNF:5
FNH:3
FNDA:6,(anonymous_0)
FNDA:4,(anonymous_1)
FNDA:1,(anonymous_2)
FNDA:0,(anonymous_3)
FNDA:0,(anonymous_4)
DA:5,1
DA:6,6
DA:7,1
DA:11,5
DA:12,1
DA:16,4
DA:22,4
DA:23,1
DA:27,3
DA:28,1
DA:32,2
DA:33,1
DA:37,1
DA:38,1
DA:44,0
DA:49,1
DA:50,1
DA:57,0
LF:18
LH:16
BRDA:6,0,0,1
BRDA:6,0,1,5
BRDA:11,1,0,1
BRDA:11,1,1,4
BRDA:22,2,0,1
BRDA:22,2,1,3
BRDA:27,3,0,1
BRDA:27,3,1,2
BRDA:32,4,0,1
BRDA:32,4,1,1
BRF:10
BRH:10
end_of_record
TN:
SF:C:\Users\iyke\projects\Andela II\Events\server\controllers\user\signup.js
FN:4,(anonymous_0)
FN:23,(anonymous_1)
FN:28,(anonymous_2)
FNF:3
FNH:3
FNDA:11,(anonymous_0)
FNDA:2,(anonymous_1)
FNDA:7,(anonymous_2)
DA:4,1
DA:5,11
DA:6,10
DA:7,1
DA:12,10
DA:13,1
DA:18,9
DA:23,2
DA:28,7
LF:9
LH:9
BRDA:5,0,0,10
BRDA:5,0,1,1
BRDA:6,1,0,1
BRDA:6,1,1,9
BRDA:12,2,0,1
BRDA:12,2,1,9
BRF:6
BRH:6
end_of_record
TN:
SF:C:\Users\iyke\projects\Andela II\Events\server\models\index.js
FN:20,(anonymous_0)
FN:24,(anonymous_1)
FN:29,(anonymous_2)
FNF:3
FNH:3
FNDA:2,(anonymous_0)
FNDA:1,(anonymous_1)
FNDA:1,(anonymous_2)
DA:1,1
DA:2,1
DA:3,1
DA:4,1
DA:5,1
DA:6,1
DA:7,1
DA:10,1
DA:11,0
DA:13,1
DA:18,1
DA:21,2
DA:25,1
DA:26,1
DA:29,1
DA:30,1
DA:31,0
DA:35,1
DA:36,1
DA:38,1
LF:20
LH:18
BRDA:5,0,0,1
BRDA:5,0,1,0
BRDA:10,1,0,0
BRDA:10,1,1,1
BRDA:21,2,0,2
BRDA:21,2,1,2
BRDA:21,2,2,1
BRDA:30,3,0,0
BRDA:30,3,1,1
BRF:9
BRH:6
end_of_record
TN:
SF:C:\Users\iyke\projects\Andela II\Events\server\models\user.js
FN:2,(anonymous_0)
FNF:1
FNH:1
FNDA:1,(anonymous_0)
DA:2,1
DA:3,1
DA:58,1
LF:3
LH:3
BRF:0
BRH:0
end_of_record
TN:
SF:C:\Users\iyke\projects\Andela II\Events\server\routes\index.js
FNF:0
FNH:0
DA:5,1
DA:7,1
DA:9,1
LF:3
LH:3
BRF:0
BRH:0
end_of_record
TN:
SF:C:\Users\iyke\projects\Andela II\Events\server\routes\userRouter.js
FN:6,(anonymous_0)
FNF:1
FNH:0
FNDA:0,(anonymous_0)
DA:4,1
DA:6,1
DA:10,1
DA:12,1
LF:4
LH:4
BRF:0
BRH:0
end_of_record
TN:
SF:C:\Users\iyke\projects\Andela II\Events\server\test\test.js
FN:13,(anonymous_0)
FN:14,(anonymous_1)
FN:16,(anonymous_2)
FN:24,(anonymous_3)
FN:27,(anonymous_4)
FN:35,(anonymous_5)
FN:42,(anonymous_6)
FN:50,(anonymous_7)
FN:56,(anonymous_8)
FN:63,(anonymous_9)
FN:69,(anonymous_10)
FN:76,(anonymous_11)
FN:81,(anonymous_12)
FN:88,(anonymous_13)
FN:93,(anonymous_14)
FN:100,(anonymous_15)
FN:106,(anonymous_16)
FN:113,(anonymous_17)
FN:119,(anonymous_18)
FN:126,(anonymous_19)
FN:132,(anonymous_20)
FN:139,(anonymous_21)
FN:145,(anonymous_22)
FN:152,(anonymous_23)
FN:158,(anonymous_24)
FN:166,(anonymous_25)
FN:169,(anonymous_26)
FN:176,(anonymous_27)
FN:179,(anonymous_28)
FN:190,(anonymous_29)
FN:196,(anonymous_30)
FN:208,(anonymous_31)
FN:214,(anonymous_32)
FN:223,(anonymous_33)
FN:228,(anonymous_34)
FN:237,(anonymous_35)
FN:242,(anonymous_36)
FN:249,(anonymous_37)
FN:254,(anonymous_38)
FNF:39
FNH:39
FNDA:1,(anonymous_0)
FNDA:1,(anonymous_1)
FNDA:11,(anonymous_2)
FNDA:1,(anonymous_3)
FNDA:1,(anonymous_4)
FNDA:1,(anonymous_5)
FNDA:1,(anonymous_6)
FNDA:1,(anonymous_7)
FNDA:1,(anonymous_8)
FNDA:1,(anonymous_9)
FNDA:1,(anonymous_10)
FNDA:1,(anonymous_11)
FNDA:1,(anonymous_12)
FNDA:1,(anonymous_13)
FNDA:1,(anonymous_14)
FNDA:1,(anonymous_15)
FNDA:1,(anonymous_16)
FNDA:1,(anonymous_17)
FNDA:1,(anonymous_18)
FNDA:1,(anonymous_19)
FNDA:1,(anonymous_20)
FNDA:1,(anonymous_21)
FNDA:1,(anonymous_22)
FNDA:1,(anonymous_23)
FNDA:1,(anonymous_24)
FNDA:1,(anonymous_25)
FNDA:6,(anonymous_26)
FNDA:1,(anonymous_27)
FNDA:1,(anonymous_28)
FNDA:1,(anonymous_29)
FNDA:1,(anonymous_30)
FNDA:1,(anonymous_31)
FNDA:1,(anonymous_32)
FNDA:1,(anonymous_33)
FNDA:1,(anonymous_34)
FNDA:1,(anonymous_35)
FNDA:1,(anonymous_36)
FNDA:1,(anonymous_37)
FNDA:1,(anonymous_38)
DA:6,1
DA:7,1
DA:8,1
DA:10,1
DA:13,1
DA:14,1
DA:15,1
DA:16,1
DA:17,11
DA:24,1
DA:25,1
DA:28,1
DA:29,1
DA:30,1
DA:31,1
DA:35,1
DA:36,1
DA:43,1
DA:44,1
DA:45,1
DA:46,1
DA:50,1
DA:51,1
DA:52,1
DA:53,1
DA:54,1
DA:57,1
DA:58,1
DA:59,1
DA:63,1
DA:64,1
DA:65,1
DA:66,1
DA:67,1
DA:70,1
DA:71,1
DA:72,1
DA:76,1
DA:77,1
DA:78,1
DA:79,1
DA:82,1
DA:83,1
DA:84,1
DA:88,1
DA:89,1
DA:90,1
DA:91,1
DA:94,1
DA:95,1
DA:96,1
DA:100,1
DA:101,1
DA:102,1
DA:103,1
DA:104,1
DA:107,1
DA:108,1
DA:109,1
DA:113,1
DA:114,1
DA:115,1
DA:117,1
DA:120,1
DA:121,1
DA:122,1
DA:126,1
DA:127,1
DA:128,1
DA:130,1
DA:133,1
DA:134,1
DA:135,1
DA:139,1
DA:140,1
DA:141,1
DA:143,1
DA:146,1
DA:147,1
DA:148,1
DA:152,1
DA:153,1
DA:154,1
DA:156,1
DA:159,1
DA:160,1
DA:161,1
DA:166,1
DA:167,1
DA:169,1
DA:170,6
DA:176,1
DA:177,1
DA:180,1
DA:181,1
DA:182,1
DA:183,1
DA:184,1
DA:185,1
DA:186,1
DA:187,1
DA:190,1
DA:191,1
DA:197,1
DA:198,1
DA:199,1
DA:200,1
DA:201,1
DA:202,1
DA:203,1
DA:204,1
DA:208,1
DA:209,1
DA:210,1
DA:211,1
DA:212,1
DA:215,1
DA:216,1
DA:217,1
DA:218,1
DA:219,1
DA:223,1
DA:224,1
DA:225,1
DA:226,1
DA:229,1
DA:230,1
DA:231,1
DA:232,1
DA:233,1
DA:237,1
DA:238,1
DA:239,1
DA:240,1
DA:243,1
DA:244,1
DA:245,1
DA:249,1
DA:250,1
DA:251,1
DA:252,1
DA:255,1
DA:256,1
DA:257,1
LF:144
LH:144
BRF:0
BRH:0
end_of_record
